<?xml version="1.0" encoding="UTF-8" standalone="yes"?><!DOCTYPE report PUBLIC "-//JACOCO//DTD Report 1.1//EN" "report.dtd"><report name="OpenWMS.org WMS: Movements Service Library"><sessioninfo id="pkrvmf6wy0o8zjz-abe7bf9c" start="1747777254954" dump="1747777256145"/><sessioninfo id="pkrvmf6wy0o8zjz-77aacd95" start="1747777268528" dump="1747777287456"/><package name="org/openwms/wms/movements/events"><class name="org/openwms/wms/movements/events/ReservationMessageListener" sourcefilename="ReservationMessageListener.java"><method name="&lt;init&gt;" desc="(Lorg/openwms/wms/movements/MovementService;)V" line="41"><counter type="INSTRUCTION" missed="0" covered="6"/><counter type="LINE" missed="0" covered="3"/><counter type="COMPLEXITY" missed="0" covered="1"/><counter type="METHOD" missed="0" covered="1"/></method><method name="handle" desc="(Lorg/openwms/wms/movements/commands/SplitMO;Ljava/lang/String;)V" line="48"><counter type="INSTRUCTION" missed="28" covered="0"/><counter type="LINE" missed="7" covered="0"/><counter type="COMPLEXITY" missed="1" covered="0"/><counter type="METHOD" missed="1" covered="0"/></method><counter type="INSTRUCTION" missed="28" covered="6"/><counter type="LINE" missed="7" covered="3"/><counter type="COMPLEXITY" missed="1" covered="1"/><counter type="METHOD" missed="1" covered="1"/><counter type="CLASS" missed="0" covered="1"/></class><sourcefile name="ReservationMessageListener.java"><line nr="41" mi="0" ci="2" mb="0" cb="0"/><line nr="42" mi="0" ci="3" mb="0" cb="0"/><line nr="43" mi="0" ci="1" mb="0" cb="0"/><line nr="48" mi="4" ci="0" mb="0" cb="0"/><line nr="49" mi="4" ci="0" mb="0" cb="0"/><line nr="50" mi="5" ci="0" mb="0" cb="0"/><line nr="51" mi="4" ci="0" mb="0" cb="0"/><line nr="52" mi="3" ci="0" mb="0" cb="0"/><line nr="53" mi="7" ci="0" mb="0" cb="0"/><line nr="54" mi="1" ci="0" mb="0" cb="0"/><counter type="INSTRUCTION" missed="28" covered="6"/><counter type="LINE" missed="7" covered="3"/><counter type="COMPLEXITY" missed="1" covered="1"/><counter type="METHOD" missed="1" covered="1"/><counter type="CLASS" missed="0" covered="1"/></sourcefile><counter type="INSTRUCTION" missed="28" covered="6"/><counter type="LINE" missed="7" covered="3"/><counter type="COMPLEXITY" missed="1" covered="1"/><counter type="METHOD" missed="1" covered="1"/><counter type="CLASS" missed="0" covered="1"/></package><package name="org/openwms/wms/movements/ui"><class name="org/openwms/wms/movements/ui/MovementUIController" sourcefilename="MovementUIController.java"><method name="&lt;init&gt;" desc="(Lorg/openwms/wms/movements/MovementService;)V" line="39"><counter type="INSTRUCTION" missed="0" covered="6"/><counter type="LINE" missed="0" covered="3"/><counter type="COMPLEXITY" missed="0" covered="1"/><counter type="METHOD" missed="0" covered="1"/></method><method name="getPriorityList" desc="()Lorg/springframework/http/ResponseEntity;" line="45"><counter type="INSTRUCTION" missed="8" covered="0"/><counter type="LINE" missed="1" covered="0"/><counter type="COMPLEXITY" missed="1" covered="0"/><counter type="METHOD" missed="1" covered="0"/></method><counter type="INSTRUCTION" missed="8" covered="6"/><counter type="LINE" missed="1" covered="3"/><counter type="COMPLEXITY" missed="1" covered="1"/><counter type="METHOD" missed="1" covered="1"/><counter type="CLASS" missed="0" covered="1"/></class><sourcefile name="MovementUIController.java"><line nr="39" mi="0" ci="2" mb="0" cb="0"/><line nr="40" mi="0" ci="3" mb="0" cb="0"/><line nr="41" mi="0" ci="1" mb="0" cb="0"/><line nr="45" mi="8" ci="0" mb="0" cb="0"/><counter type="INSTRUCTION" missed="8" covered="6"/><counter type="LINE" missed="1" covered="3"/><counter type="COMPLEXITY" missed="1" covered="1"/><counter type="METHOD" missed="1" covered="1"/><counter type="CLASS" missed="0" covered="1"/></sourcefile><counter type="INSTRUCTION" missed="8" covered="6"/><counter type="LINE" missed="1" covered="3"/><counter type="COMPLEXITY" missed="1" covered="1"/><counter type="METHOD" missed="1" covered="1"/><counter type="CLASS" missed="0" covered="1"/></package><package name="org/openwms/wms/movements/events/api"><class name="org/openwms/wms/movements/events/api/MovementEvent$Type" sourcefilename="MovementEvent.java"><method name="&lt;clinit&gt;" desc="()V" line="60"><counter type="INSTRUCTION" missed="0" covered="27"/><counter type="LINE" missed="0" covered="5"/><counter type="COMPLEXITY" missed="0" covered="1"/><counter type="METHOD" missed="0" covered="1"/></method><counter type="INSTRUCTION" missed="0" covered="27"/><counter type="LINE" missed="0" covered="5"/><counter type="COMPLEXITY" missed="0" covered="1"/><counter type="METHOD" missed="0" covered="1"/><counter type="CLASS" missed="0" covered="1"/></class><class name="org/openwms/wms/movements/events/api/MovementEvent" sourcefilename="MovementEvent.java"><method name="&lt;init&gt;" desc="(Lorg/openwms/wms/movements/events/api/MovementEvent$Builder;)V" line="32"><counter type="INSTRUCTION" missed="0" covered="11"/><counter type="LINE" missed="0" covered="4"/><counter type="COMPLEXITY" missed="0" covered="1"/><counter type="METHOD" missed="0" covered="1"/></method><method name="&lt;init&gt;" desc="()V" line="37"><counter type="INSTRUCTION" missed="3" covered="0"/><counter type="LINE" missed="2" covered="0"/><counter type="COMPLEXITY" missed="1" covered="0"/><counter type="METHOD" missed="1" covered="0"/></method><method name="getType" desc="()Lorg/openwms/wms/movements/events/api/MovementEvent$Type;" line="41"><counter type="INSTRUCTION" missed="0" covered="3"/><counter type="LINE" missed="0" covered="1"/><counter type="COMPLEXITY" missed="0" covered="1"/><counter type="METHOD" missed="0" covered="1"/></method><method name="setType" desc="(Lorg/openwms/wms/movements/events/api/MovementEvent$Type;)V" line="45"><counter type="INSTRUCTION" missed="4" covered="0"/><counter type="LINE" missed="2" covered="0"/><counter type="COMPLEXITY" missed="1" covered="0"/><counter type="METHOD" missed="1" covered="0"/></method><method name="getMovement" desc="()Lorg/openwms/wms/movements/commands/MovementMO;" line="49"><counter type="INSTRUCTION" missed="0" covered="3"/><counter type="LINE" missed="0" covered="1"/><counter type="COMPLEXITY" missed="0" covered="1"/><counter type="METHOD" missed="0" covered="1"/></method><method name="setMovement" desc="(Lorg/openwms/wms/movements/commands/MovementMO;)V" line="53"><counter type="INSTRUCTION" missed="4" covered="0"/><counter type="LINE" missed="2" covered="0"/><counter type="COMPLEXITY" missed="1" covered="0"/><counter type="METHOD" missed="1" covered="0"/></method><method name="newBuilder" desc="()Lorg/openwms/wms/movements/events/api/MovementEvent$Builder;" line="57"><counter type="INSTRUCTION" missed="0" covered="4"/><counter type="LINE" missed="0" covered="1"/><counter type="COMPLEXITY" missed="0" covered="1"/><counter type="METHOD" missed="0" covered="1"/></method><counter type="INSTRUCTION" missed="11" covered="21"/><counter type="LINE" missed="6" covered="7"/><counter type="COMPLEXITY" missed="3" covered="4"/><counter type="METHOD" missed="3" covered="4"/><counter type="CLASS" missed="0" covered="1"/></class><class name="org/openwms/wms/movements/events/api/MovementEvent$Builder" sourcefilename="MovementEvent.java"><method name="type" desc="(Lorg/openwms/wms/movements/events/api/MovementEvent$Type;)Lorg/openwms/wms/movements/events/api/MovementEvent$Builder;" line="79"><counter type="INSTRUCTION" missed="0" covered="5"/><counter type="LINE" missed="0" covered="2"/><counter type="COMPLEXITY" missed="0" covered="1"/><counter type="METHOD" missed="0" covered="1"/></method><method name="movement" desc="(Lorg/openwms/wms/movements/commands/MovementMO;)Lorg/openwms/wms/movements/events/api/MovementEvent$Builder;" line="84"><counter type="INSTRUCTION" missed="0" covered="5"/><counter type="LINE" missed="0" covered="2"/><counter type="COMPLEXITY" missed="0" covered="1"/><counter type="METHOD" missed="0" covered="1"/></method><method name="build" desc="()Lorg/openwms/wms/movements/events/api/MovementEvent;" line="89"><counter type="INSTRUCTION" missed="0" covered="5"/><counter type="LINE" missed="0" covered="1"/><counter type="COMPLEXITY" missed="0" covered="1"/><counter type="METHOD" missed="0" covered="1"/></method><counter type="INSTRUCTION" missed="0" covered="15"/><counter type="LINE" missed="0" covered="5"/><counter type="COMPLEXITY" missed="0" covered="3"/><counter type="METHOD" missed="0" covered="3"/><counter type="CLASS" missed="0" covered="1"/></class><sourcefile name="MovementEvent.java"><line nr="32" mi="0" ci="2" mb="0" cb="0"/><line nr="33" mi="0" ci="4" mb="0" cb="0"/><line nr="34" mi="0" ci="4" mb="0" cb="0"/><line nr="35" mi="0" ci="1" mb="0" cb="0"/><line nr="37" mi="2" ci="0" mb="0" cb="0"/><line nr="38" mi="1" ci="0" mb="0" cb="0"/><line nr="41" mi="0" ci="3" mb="0" cb="0"/><line nr="45" mi="3" ci="0" mb="0" cb="0"/><line nr="46" mi="1" ci="0" mb="0" cb="0"/><line nr="49" mi="0" ci="3" mb="0" cb="0"/><line nr="53" mi="3" ci="0" mb="0" cb="0"/><line nr="54" mi="1" ci="0" mb="0" cb="0"/><line nr="57" mi="0" ci="4" mb="0" cb="0"/><line nr="60" mi="0" ci="3" mb="0" cb="0"/><line nr="62" mi="0" ci="6" mb="0" cb="0"/><line nr="64" mi="0" ci="6" mb="0" cb="0"/><line nr="66" mi="0" ci="6" mb="0" cb="0"/><line nr="68" mi="0" ci="6" mb="0" cb="0"/><line nr="79" mi="0" ci="3" mb="0" cb="0"/><line nr="80" mi="0" ci="2" mb="0" cb="0"/><line nr="84" mi="0" ci="3" mb="0" cb="0"/><line nr="85" mi="0" ci="2" mb="0" cb="0"/><line nr="89" mi="0" ci="5" mb="0" cb="0"/><counter type="INSTRUCTION" missed="11" covered="63"/><counter type="LINE" missed="6" covered="17"/><counter type="COMPLEXITY" missed="3" covered="8"/><counter type="METHOD" missed="3" covered="8"/><counter type="CLASS" missed="0" covered="3"/></sourcefile><counter type="INSTRUCTION" missed="11" covered="63"/><counter type="LINE" missed="6" covered="17"/><counter type="COMPLEXITY" missed="3" covered="8"/><counter type="METHOD" missed="3" covered="8"/><counter type="CLASS" missed="0" covered="3"/></package><package name="org/openwms/wms/movements/spi/common"><class name="org/openwms/wms/movements/spi/common/AsyncTransportUnitApi" sourcefilename="AsyncTransportUnitApi.java"/><class name="org/openwms/wms/movements/spi/common/AsyncTransportUnitApiImpl" sourcefilename="AsyncTransportUnitApiImpl.java"><method name="&lt;init&gt;" desc="(Lorg/springframework/amqp/core/AmqpTemplate;Ljava/lang/String;)V" line="41"><counter type="INSTRUCTION" missed="9" covered="0"/><counter type="LINE" missed="4" covered="0"/><counter type="COMPLEXITY" missed="1" covered="0"/><counter type="METHOD" missed="1" covered="0"/></method><method name="process" desc="(Lorg/openwms/common/transport/api/commands/Command;)V" line="52"><counter type="INSTRUCTION" missed="8" covered="0"/><counter type="LINE" missed="2" covered="0"/><counter type="COMPLEXITY" missed="1" covered="0"/><counter type="METHOD" missed="1" covered="0"/></method><counter type="INSTRUCTION" missed="17" covered="0"/><counter type="LINE" missed="6" covered="0"/><counter type="COMPLEXITY" missed="2" covered="0"/><counter type="METHOD" missed="2" covered="0"/><counter type="CLASS" missed="1" covered="0"/></class><class name="org/openwms/wms/movements/spi/common/NoOpTransportUnitApiImpl" sourcefilename="NoOpTransportUnitApiImpl.java"><method name="&lt;init&gt;" desc="()V" line="32"><counter type="INSTRUCTION" missed="3" covered="0"/><counter type="LINE" missed="1" covered="0"/><counter type="COMPLEXITY" missed="1" covered="0"/><counter type="METHOD" missed="1" covered="0"/></method><method name="process" desc="(Lorg/openwms/common/transport/api/commands/Command;)V" line="41"><counter type="INSTRUCTION" missed="1" covered="0"/><counter type="LINE" missed="1" covered="0"/><counter type="COMPLEXITY" missed="1" covered="0"/><counter type="METHOD" missed="1" covered="0"/></method><counter type="INSTRUCTION" missed="4" covered="0"/><counter type="LINE" missed="2" covered="0"/><counter type="COMPLEXITY" missed="2" covered="0"/><counter type="METHOD" missed="2" covered="0"/><counter type="CLASS" missed="1" covered="0"/></class><sourcefile name="AsyncTransportUnitApi.java"/><sourcefile name="NoOpTransportUnitApiImpl.java"><line nr="32" mi="3" ci="0" mb="0" cb="0"/><line nr="41" mi="1" ci="0" mb="0" cb="0"/><counter type="INSTRUCTION" missed="4" covered="0"/><counter type="LINE" missed="2" covered="0"/><counter type="COMPLEXITY" missed="2" covered="0"/><counter type="METHOD" missed="2" covered="0"/><counter type="CLASS" missed="1" covered="0"/></sourcefile><sourcefile name="AsyncTransportUnitApiImpl.java"><line nr="41" mi="2" ci="0" mb="0" cb="0"/><line nr="42" mi="3" ci="0" mb="0" cb="0"/><line nr="43" mi="3" ci="0" mb="0" cb="0"/><line nr="44" mi="1" ci="0" mb="0" cb="0"/><line nr="52" mi="7" ci="0" mb="0" cb="0"/><line nr="53" mi="1" ci="0" mb="0" cb="0"/><counter type="INSTRUCTION" missed="17" covered="0"/><counter type="LINE" missed="6" covered="0"/><counter type="COMPLEXITY" missed="2" covered="0"/><counter type="METHOD" missed="2" covered="0"/><counter type="CLASS" missed="1" covered="0"/></sourcefile><counter type="INSTRUCTION" missed="21" covered="0"/><counter type="LINE" missed="8" covered="0"/><counter type="COMPLEXITY" missed="4" covered="0"/><counter type="METHOD" missed="4" covered="0"/><counter type="CLASS" missed="2" covered="0"/></package><package name="org/openwms/wms/movements/spi"><class name="org/openwms/wms/movements/spi/MovementTypeResolver" sourcefilename="MovementTypeResolver.java"/><class name="org/openwms/wms/movements/spi/Validators" sourcefilename="Validators.java"><method name="onMove" desc="(Lorg/openwms/wms/movements/impl/Movement;Ljava/lang/String;Lorg/openwms/wms/movements/impl/Movement;)Lorg/openwms/wms/movements/impl/Movement;" line="42"><counter type="INSTRUCTION" missed="0" covered="2"/><counter type="LINE" missed="0" covered="1"/><counter type="COMPLEXITY" missed="0" covered="1"/><counter type="METHOD" missed="0" covered="1"/></method><counter type="INSTRUCTION" missed="0" covered="2"/><counter type="LINE" missed="0" covered="1"/><counter type="COMPLEXITY" missed="0" covered="1"/><counter type="METHOD" missed="0" covered="1"/><counter type="CLASS" missed="0" covered="1"/></class><class name="org/openwms/wms/movements/spi/DefaultMovementStateResolver" sourcefilename="DefaultMovementStateResolver.java"><method name="&lt;init&gt;" desc="(Ljava/lang/String;Ljava/lang/String;)V" line="38"><counter type="INSTRUCTION" missed="0" covered="11"/><counter type="LINE" missed="0" covered="4"/><counter type="COMPLEXITY" missed="0" covered="1"/><counter type="METHOD" missed="0" covered="1"/></method><method name="getNewState" desc="()Lorg/openwms/wms/movements/spi/DefaultMovementState;" line="48"><counter type="INSTRUCTION" missed="0" covered="3"/><counter type="LINE" missed="0" covered="1"/><counter type="COMPLEXITY" missed="0" covered="1"/><counter type="METHOD" missed="0" covered="1"/></method><method name="getCompletedState" desc="()Lorg/openwms/wms/movements/spi/DefaultMovementState;" line="56"><counter type="INSTRUCTION" missed="0" covered="3"/><counter type="LINE" missed="0" covered="1"/><counter type="COMPLEXITY" missed="0" covered="1"/><counter type="METHOD" missed="0" covered="1"/></method><counter type="INSTRUCTION" missed="0" covered="17"/><counter type="LINE" missed="0" covered="6"/><counter type="COMPLEXITY" missed="0" covered="3"/><counter type="METHOD" missed="0" covered="3"/><counter type="CLASS" missed="0" covered="1"/></class><class name="org/openwms/wms/movements/spi/MovementStateResolver" sourcefilename="MovementStateResolver.java"/><class name="org/openwms/wms/movements/spi/DefaultMovementTypeResolver" sourcefilename="DefaultMovementTypeResolver.java"><method name="&lt;init&gt;" desc="(Lorg/openwms/wms/movements/MovementProperties;)V" line="42"><counter type="INSTRUCTION" missed="0" covered="6"/><counter type="LINE" missed="0" covered="3"/><counter type="COMPLEXITY" missed="0" covered="1"/><counter type="METHOD" missed="0" covered="1"/></method><method name="resolve" desc="(Ljava/lang/String;Ljava/lang/String;)Ljava/util/Optional;" line="52"><counter type="INSTRUCTION" missed="0" covered="7"/><counter type="LINE" missed="0" covered="1"/><counter type="COMPLEXITY" missed="0" covered="1"/><counter type="METHOD" missed="0" covered="1"/></method><counter type="INSTRUCTION" missed="0" covered="13"/><counter type="LINE" missed="0" covered="4"/><counter type="COMPLEXITY" missed="0" covered="2"/><counter type="METHOD" missed="0" covered="2"/><counter type="CLASS" missed="0" covered="1"/></class><class name="org/openwms/wms/movements/spi/DefaultValidatorsImpl" sourcefilename="DefaultValidatorsImpl.java"><method name="&lt;init&gt;" desc="()V" line="31"><counter type="INSTRUCTION" missed="0" covered="3"/><counter type="LINE" missed="0" covered="1"/><counter type="COMPLEXITY" missed="0" covered="1"/><counter type="METHOD" missed="0" covered="1"/></method><method name="onMove" desc="(Lorg/openwms/wms/movements/impl/Movement;Ljava/lang/String;Lorg/openwms/wms/movements/impl/Movement;)Lorg/openwms/wms/movements/impl/Movement;" line="40"><counter type="INSTRUCTION" missed="0" covered="6"/><counter type="LINE" missed="0" covered="1"/><counter type="COMPLEXITY" missed="0" covered="1"/><counter type="METHOD" missed="0" covered="1"/></method><counter type="INSTRUCTION" missed="0" covered="9"/><counter type="LINE" missed="0" covered="2"/><counter type="COMPLEXITY" missed="0" covered="2"/><counter type="METHOD" missed="0" covered="2"/><counter type="CLASS" missed="0" covered="1"/></class><class name="org/openwms/wms/movements/spi/DefaultMovementState" sourcefilename="DefaultMovementState.java"><method name="getName" desc="()Ljava/lang/String;" line="45"><counter type="INSTRUCTION" missed="3" covered="0"/><counter type="LINE" missed="1" covered="0"/><counter type="COMPLEXITY" missed="1" covered="0"/><counter type="METHOD" missed="1" covered="0"/></method><method name="&lt;clinit&gt;" desc="()V" line="26"><counter type="INSTRUCTION" missed="0" covered="27"/><counter type="LINE" missed="0" covered="5"/><counter type="COMPLEXITY" missed="0" covered="1"/><counter type="METHOD" missed="0" covered="1"/></method><counter type="INSTRUCTION" missed="3" covered="27"/><counter type="LINE" missed="1" covered="5"/><counter type="COMPLEXITY" missed="1" covered="1"/><counter type="METHOD" missed="1" covered="1"/><counter type="CLASS" missed="0" covered="1"/></class><sourcefile name="Validators.java"><line nr="42" mi="0" ci="2" mb="0" cb="0"/><counter type="INSTRUCTION" missed="0" covered="2"/><counter type="LINE" missed="0" covered="1"/><counter type="COMPLEXITY" missed="0" covered="1"/><counter type="METHOD" missed="0" covered="1"/><counter type="CLASS" missed="0" covered="1"/></sourcefile><sourcefile name="MovementStateResolver.java"/><sourcefile name="DefaultValidatorsImpl.java"><line nr="31" mi="0" ci="3" mb="0" cb="0"/><line nr="40" mi="0" ci="6" mb="0" cb="0"/><counter type="INSTRUCTION" missed="0" covered="9"/><counter type="LINE" missed="0" covered="2"/><counter type="COMPLEXITY" missed="0" covered="2"/><counter type="METHOD" missed="0" covered="2"/><counter type="CLASS" missed="0" covered="1"/></sourcefile><sourcefile name="DefaultMovementStateResolver.java"><line nr="38" mi="0" ci="2" mb="0" cb="0"/><line nr="39" mi="0" ci="4" mb="0" cb="0"/><line nr="40" mi="0" ci="4" mb="0" cb="0"/><line nr="41" mi="0" ci="1" mb="0" cb="0"/><line nr="48" mi="0" ci="3" mb="0" cb="0"/><line nr="56" mi="0" ci="3" mb="0" cb="0"/><counter type="INSTRUCTION" missed="0" covered="17"/><counter type="LINE" missed="0" covered="6"/><counter type="COMPLEXITY" missed="0" covered="3"/><counter type="METHOD" missed="0" covered="3"/><counter type="CLASS" missed="0" covered="1"/></sourcefile><sourcefile name="DefaultMovementState.java"><line nr="26" mi="0" ci="3" mb="0" cb="0"/><line nr="29" mi="0" ci="6" mb="0" cb="0"/><line nr="32" mi="0" ci="6" mb="0" cb="0"/><line nr="35" mi="0" ci="6" mb="0" cb="0"/><line nr="38" mi="0" ci="6" mb="0" cb="0"/><line nr="45" mi="3" ci="0" mb="0" cb="0"/><counter type="INSTRUCTION" missed="3" covered="27"/><counter type="LINE" missed="1" covered="5"/><counter type="COMPLEXITY" missed="1" covered="1"/><counter type="METHOD" missed="1" covered="1"/><counter type="CLASS" missed="0" covered="1"/></sourcefile><sourcefile name="MovementTypeResolver.java"/><sourcefile name="DefaultMovementTypeResolver.java"><line nr="42" mi="0" ci="2" mb="0" cb="0"/><line nr="43" mi="0" ci="3" mb="0" cb="0"/><line nr="44" mi="0" ci="1" mb="0" cb="0"/><line nr="52" mi="0" ci="7" mb="0" cb="0"/><counter type="INSTRUCTION" missed="0" covered="13"/><counter type="LINE" missed="0" covered="4"/><counter type="COMPLEXITY" missed="0" covered="2"/><counter type="METHOD" missed="0" covered="2"/><counter type="CLASS" missed="0" covered="1"/></sourcefile><counter type="INSTRUCTION" missed="3" covered="68"/><counter type="LINE" missed="1" covered="18"/><counter type="COMPLEXITY" missed="1" covered="9"/><counter type="METHOD" missed="1" covered="9"/><counter type="CLASS" missed="0" covered="5"/></package><package name="org/openwms/wms/movements/spi/common/putaway"><class name="org/openwms/wms/movements/spi/common/putaway/PutawayApi" sourcefilename="PutawayApi.java"/><sourcefile name="PutawayApi.java"/></package><package name="org/openwms/wms/movements/impl/handler"><class name="org/openwms/wms/movements/impl/handler/RelocationMovementHandler" sourcefilename="RelocationMovementHandler.java"><method name="&lt;init&gt;" desc="(Lorg/openwms/wms/movements/impl/MovementRepository;Lorg/springframework/context/ApplicationEventPublisher;)V" line="39"><counter type="INSTRUCTION" missed="0" covered="5"/><counter type="LINE" missed="0" covered="2"/><counter type="COMPLEXITY" missed="0" covered="1"/><counter type="METHOD" missed="0" covered="1"/></method><method name="findInStateAndSource" desc="(Lorg/openwms/wms/movements/api/MovementState;Ljava/util/List;)Ljava/util/List;" line="48"><counter type="INSTRUCTION" missed="6" covered="0"/><counter type="LINE" missed="1" covered="0"/><counter type="COMPLEXITY" missed="1" covered="0"/><counter type="METHOD" missed="1" covered="0"/></method><method name="supports" desc="(Lorg/openwms/wms/movements/api/MovementType;)Z" line="56"><counter type="INSTRUCTION" missed="2" covered="5"/><counter type="BRANCH" missed="1" covered="1"/><counter type="LINE" missed="0" covered="1"/><counter type="COMPLEXITY" missed="1" covered="1"/><counter type="METHOD" missed="0" covered="1"/></method><counter type="INSTRUCTION" missed="8" covered="10"/><counter type="BRANCH" missed="1" covered="1"/><counter type="LINE" missed="1" covered="3"/><counter type="COMPLEXITY" missed="2" covered="2"/><counter type="METHOD" missed="1" covered="2"/><counter type="CLASS" missed="0" covered="1"/></class><class name="org/openwms/wms/movements/impl/handler/ReplenishmentMovementHandler" sourcefilename="ReplenishmentMovementHandler.java"><method name="&lt;init&gt;" desc="(Lorg/openwms/wms/movements/impl/MovementRepository;Lorg/springframework/context/ApplicationEventPublisher;)V" line="39"><counter type="INSTRUCTION" missed="0" covered="5"/><counter type="LINE" missed="0" covered="2"/><counter type="COMPLEXITY" missed="0" covered="1"/><counter type="METHOD" missed="0" covered="1"/></method><method name="findInStateAndSource" desc="(Lorg/openwms/wms/movements/api/MovementState;Ljava/util/List;)Ljava/util/List;" line="48"><counter type="INSTRUCTION" missed="0" covered="6"/><counter type="LINE" missed="0" covered="1"/><counter type="COMPLEXITY" missed="0" covered="1"/><counter type="METHOD" missed="0" covered="1"/></method><method name="supports" desc="(Lorg/openwms/wms/movements/api/MovementType;)Z" line="56"><counter type="INSTRUCTION" missed="1" covered="6"/><counter type="BRANCH" missed="1" covered="1"/><counter type="LINE" missed="0" covered="1"/><counter type="COMPLEXITY" missed="1" covered="1"/><counter type="METHOD" missed="0" covered="1"/></method><counter type="INSTRUCTION" missed="1" covered="17"/><counter type="BRANCH" missed="1" covered="1"/><counter type="LINE" missed="0" covered="4"/><counter type="COMPLEXITY" missed="1" covered="3"/><counter type="METHOD" missed="0" covered="3"/><counter type="CLASS" missed="0" covered="1"/></class><class name="org/openwms/wms/movements/impl/handler/InboundMovementHandler" sourcefilename="InboundMovementHandler.java"><method name="&lt;init&gt;" desc="(Lorg/openwms/wms/movements/impl/MovementRepository;Lorg/springframework/context/ApplicationEventPublisher;)V" line="39"><counter type="INSTRUCTION" missed="0" covered="5"/><counter type="LINE" missed="0" covered="2"/><counter type="COMPLEXITY" missed="0" covered="1"/><counter type="METHOD" missed="0" covered="1"/></method><method name="findInStateAndSource" desc="(Lorg/openwms/wms/movements/api/MovementState;Ljava/util/List;)Ljava/util/List;" line="48"><counter type="INSTRUCTION" missed="0" covered="6"/><counter type="LINE" missed="0" covered="1"/><counter type="COMPLEXITY" missed="0" covered="1"/><counter type="METHOD" missed="0" covered="1"/></method><method name="supports" desc="(Lorg/openwms/wms/movements/api/MovementType;)Z" line="56"><counter type="INSTRUCTION" missed="0" covered="7"/><counter type="BRANCH" missed="0" covered="2"/><counter type="LINE" missed="0" covered="1"/><counter type="COMPLEXITY" missed="0" covered="2"/><counter type="METHOD" missed="0" covered="1"/></method><counter type="INSTRUCTION" missed="0" covered="18"/><counter type="BRANCH" missed="0" covered="2"/><counter type="LINE" missed="0" covered="4"/><counter type="COMPLEXITY" missed="0" covered="4"/><counter type="METHOD" missed="0" covered="3"/><counter type="CLASS" missed="0" covered="1"/></class><class name="org/openwms/wms/movements/impl/handler/ManualMovementHandler" sourcefilename="ManualMovementHandler.java"><method name="&lt;init&gt;" desc="(Lorg/openwms/wms/movements/impl/MovementRepository;Lorg/springframework/context/ApplicationEventPublisher;)V" line="39"><counter type="INSTRUCTION" missed="0" covered="5"/><counter type="LINE" missed="0" covered="2"/><counter type="COMPLEXITY" missed="0" covered="1"/><counter type="METHOD" missed="0" covered="1"/></method><method name="findInStateAndSource" desc="(Lorg/openwms/wms/movements/api/MovementState;Ljava/util/List;)Ljava/util/List;" line="48"><counter type="INSTRUCTION" missed="6" covered="0"/><counter type="LINE" missed="1" covered="0"/><counter type="COMPLEXITY" missed="1" covered="0"/><counter type="METHOD" missed="1" covered="0"/></method><method name="supports" desc="(Lorg/openwms/wms/movements/api/MovementType;)Z" line="56"><counter type="INSTRUCTION" missed="2" covered="5"/><counter type="BRANCH" missed="1" covered="1"/><counter type="LINE" missed="0" covered="1"/><counter type="COMPLEXITY" missed="1" covered="1"/><counter type="METHOD" missed="0" covered="1"/></method><counter type="INSTRUCTION" missed="8" covered="10"/><counter type="BRANCH" missed="1" covered="1"/><counter type="LINE" missed="1" covered="3"/><counter type="COMPLEXITY" missed="2" covered="2"/><counter type="METHOD" missed="1" covered="2"/><counter type="CLASS" missed="0" covered="1"/></class><class name="org/openwms/wms/movements/impl/handler/AbstractMovementHandler" sourcefilename="AbstractMovementHandler.java"><method name="&lt;init&gt;" desc="(Lorg/openwms/wms/movements/impl/MovementRepository;Lorg/springframework/context/ApplicationEventPublisher;)V" line="40"><counter type="INSTRUCTION" missed="0" covered="9"/><counter type="LINE" missed="0" covered="4"/><counter type="COMPLEXITY" missed="0" covered="1"/><counter type="METHOD" missed="0" covered="1"/></method><method name="create" desc="(Lorg/openwms/wms/movements/impl/Movement;)Lorg/openwms/wms/movements/impl/Movement;" line="51"><counter type="INSTRUCTION" missed="5" covered="22"/><counter type="BRANCH" missed="2" covered="2"/><counter type="LINE" missed="1" covered="4"/><counter type="COMPLEXITY" missed="2" covered="1"/><counter type="METHOD" missed="0" covered="1"/></method><method name="findInState" desc="(Lorg/openwms/wms/movements/api/MovementState;Ljava/util/List;Lorg/openwms/wms/movements/api/MovementType;)Ljava/util/List;" line="60"><counter type="INSTRUCTION" missed="0" covered="7"/><counter type="LINE" missed="0" covered="1"/><counter type="COMPLEXITY" missed="0" covered="1"/><counter type="METHOD" missed="0" covered="1"/></method><counter type="INSTRUCTION" missed="5" covered="38"/><counter type="BRANCH" missed="2" covered="2"/><counter type="LINE" missed="1" covered="9"/><counter type="COMPLEXITY" missed="2" covered="3"/><counter type="METHOD" missed="0" covered="3"/><counter type="CLASS" missed="0" covered="1"/></class><sourcefile name="AbstractMovementHandler.java"><line nr="40" mi="0" ci="2" mb="0" cb="0"/><line nr="41" mi="0" ci="3" mb="0" cb="0"/><line nr="42" mi="0" ci="3" mb="0" cb="0"/><line nr="43" mi="0" ci="1" mb="0" cb="0"/><line nr="51" mi="0" ci="6" mb="2" cb="2"/><line nr="52" mi="5" ci="0" mb="0" cb="0"/><line nr="54" mi="0" ci="6" mb="0" cb="0"/><line nr="55" mi="0" ci="8" mb="0" cb="0"/><line nr="56" mi="0" ci="2" mb="0" cb="0"/><line nr="60" mi="0" ci="7" mb="0" cb="0"/><counter type="INSTRUCTION" missed="5" covered="38"/><counter type="BRANCH" missed="2" covered="2"/><counter type="LINE" missed="1" covered="9"/><counter type="COMPLEXITY" missed="2" covered="3"/><counter type="METHOD" missed="0" covered="3"/><counter type="CLASS" missed="0" covered="1"/></sourcefile><sourcefile name="ReplenishmentMovementHandler.java"><line nr="39" mi="0" ci="4" mb="0" cb="0"/><line nr="40" mi="0" ci="1" mb="0" cb="0"/><line nr="48" mi="0" ci="6" mb="0" cb="0"/><line nr="56" mi="1" ci="6" mb="1" cb="1"/><counter type="INSTRUCTION" missed="1" covered="17"/><counter type="BRANCH" missed="1" covered="1"/><counter type="LINE" missed="0" covered="4"/><counter type="COMPLEXITY" missed="1" covered="3"/><counter type="METHOD" missed="0" covered="3"/><counter type="CLASS" missed="0" covered="1"/></sourcefile><sourcefile name="ManualMovementHandler.java"><line nr="39" mi="0" ci="4" mb="0" cb="0"/><line nr="40" mi="0" ci="1" mb="0" cb="0"/><line nr="48" mi="6" ci="0" mb="0" cb="0"/><line nr="56" mi="2" ci="5" mb="1" cb="1"/><counter type="INSTRUCTION" missed="8" covered="10"/><counter type="BRANCH" missed="1" covered="1"/><counter type="LINE" missed="1" covered="3"/><counter type="COMPLEXITY" missed="2" covered="2"/><counter type="METHOD" missed="1" covered="2"/><counter type="CLASS" missed="0" covered="1"/></sourcefile><sourcefile name="RelocationMovementHandler.java"><line nr="39" mi="0" ci="4" mb="0" cb="0"/><line nr="40" mi="0" ci="1" mb="0" cb="0"/><line nr="48" mi="6" ci="0" mb="0" cb="0"/><line nr="56" mi="2" ci="5" mb="1" cb="1"/><counter type="INSTRUCTION" missed="8" covered="10"/><counter type="BRANCH" missed="1" covered="1"/><counter type="LINE" missed="1" covered="3"/><counter type="COMPLEXITY" missed="2" covered="2"/><counter type="METHOD" missed="1" covered="2"/><counter type="CLASS" missed="0" covered="1"/></sourcefile><sourcefile name="InboundMovementHandler.java"><line nr="39" mi="0" ci="4" mb="0" cb="0"/><line nr="40" mi="0" ci="1" mb="0" cb="0"/><line nr="48" mi="0" ci="6" mb="0" cb="0"/><line nr="56" mi="0" ci="7" mb="0" cb="2"/><counter type="INSTRUCTION" missed="0" covered="18"/><counter type="BRANCH" missed="0" covered="2"/><counter type="LINE" missed="0" covered="4"/><counter type="COMPLEXITY" missed="0" covered="4"/><counter type="METHOD" missed="0" covered="3"/><counter type="CLASS" missed="0" covered="1"/></sourcefile><counter type="INSTRUCTION" missed="22" covered="93"/><counter type="BRANCH" missed="5" covered="7"/><counter type="LINE" missed="3" covered="23"/><counter type="COMPLEXITY" missed="7" covered="14"/><counter type="METHOD" missed="2" covered="13"/><counter type="CLASS" missed="0" covered="5"/></package><package name="org/openwms/transactions/api/commands"><class name="org/openwms/transactions/api/commands/TransactionCommand$Type" sourcefilename="TransactionCommand.java"><method name="&lt;clinit&gt;" desc="()V" line="32"><counter type="INSTRUCTION" missed="0" covered="9"/><counter type="LINE" missed="0" covered="2"/><counter type="COMPLEXITY" missed="0" covered="1"/><counter type="METHOD" missed="0" covered="1"/></method><counter type="INSTRUCTION" missed="0" covered="9"/><counter type="LINE" missed="0" covered="2"/><counter type="COMPLEXITY" missed="0" covered="1"/><counter type="METHOD" missed="0" covered="1"/><counter type="CLASS" missed="0" covered="1"/></class><class name="org/openwms/transactions/api/commands/TransactionCommand" sourcefilename="TransactionCommand.java"><method name="&lt;init&gt;" desc="(Lorg/openwms/transactions/api/commands/TransactionCommand$Type;Lorg/openwms/transactions/api/TransactionVO;)V" line="37"><counter type="INSTRUCTION" missed="0" covered="9"/><counter type="LINE" missed="0" covered="4"/><counter type="COMPLEXITY" missed="0" covered="1"/><counter type="METHOD" missed="0" covered="1"/></method><method name="of" desc="(Lorg/openwms/transactions/api/commands/TransactionCommand$Type;Lorg/openwms/transactions/api/TransactionVO;)Lorg/openwms/transactions/api/commands/TransactionCommand;" line="43"><counter type="INSTRUCTION" missed="0" covered="6"/><counter type="LINE" missed="0" covered="1"/><counter type="COMPLEXITY" missed="0" covered="1"/><counter type="METHOD" missed="0" covered="1"/></method><method name="getType" desc="()Lorg/openwms/transactions/api/commands/TransactionCommand$Type;" line="47"><counter type="INSTRUCTION" missed="3" covered="0"/><counter type="LINE" missed="1" covered="0"/><counter type="COMPLEXITY" missed="1" covered="0"/><counter type="METHOD" missed="1" covered="0"/></method><method name="getTransaction" desc="()Lorg/openwms/transactions/api/TransactionVO;" line="51"><counter type="INSTRUCTION" missed="3" covered="0"/><counter type="LINE" missed="1" covered="0"/><counter type="COMPLEXITY" missed="1" covered="0"/><counter type="METHOD" missed="1" covered="0"/></method><counter type="INSTRUCTION" missed="6" covered="15"/><counter type="LINE" missed="2" covered="5"/><counter type="COMPLEXITY" missed="2" covered="2"/><counter type="METHOD" missed="2" covered="2"/><counter type="CLASS" missed="0" covered="1"/></class><class name="org/openwms/transactions/api/commands/NoOpAsyncTransactionApi" sourcefilename="NoOpAsyncTransactionApi.java"><method name="&lt;init&gt;" desc="()V" line="29"><counter type="INSTRUCTION" missed="3" covered="0"/><counter type="LINE" missed="1" covered="0"/><counter type="COMPLEXITY" missed="1" covered="0"/><counter type="METHOD" missed="1" covered="0"/></method><method name="process" desc="(Lorg/openwms/transactions/api/commands/TransactionCommand;)V" line="39"><counter type="INSTRUCTION" missed="1" covered="0"/><counter type="LINE" missed="1" covered="0"/><counter type="COMPLEXITY" missed="1" covered="0"/><counter type="METHOD" missed="1" covered="0"/></method><counter type="INSTRUCTION" missed="4" covered="0"/><counter type="LINE" missed="2" covered="0"/><counter type="COMPLEXITY" missed="2" covered="0"/><counter type="METHOD" missed="2" covered="0"/><counter type="CLASS" missed="1" covered="0"/></class><class name="org/openwms/transactions/api/commands/AsyncTransactionApiImpl" sourcefilename="AsyncTransactionApiImpl.java"><method name="&lt;init&gt;" desc="(Lorg/springframework/amqp/core/AmqpTemplate;Ljava/lang/String;)V" line="38"><counter type="INSTRUCTION" missed="9" covered="0"/><counter type="LINE" missed="4" covered="0"/><counter type="COMPLEXITY" missed="1" covered="0"/><counter type="METHOD" missed="1" covered="0"/></method><method name="process" desc="(Lorg/openwms/transactions/api/commands/TransactionCommand;)V" line="49"><counter type="INSTRUCTION" missed="8" covered="0"/><counter type="LINE" missed="2" covered="0"/><counter type="COMPLEXITY" missed="1" covered="0"/><counter type="METHOD" missed="1" covered="0"/></method><counter type="INSTRUCTION" missed="17" covered="0"/><counter type="LINE" missed="6" covered="0"/><counter type="COMPLEXITY" missed="2" covered="0"/><counter type="METHOD" missed="2" covered="0"/><counter type="CLASS" missed="1" covered="0"/></class><class name="org/openwms/transactions/api/commands/AsyncTransactionApi" sourcefilename="AsyncTransactionApi.java"/><sourcefile name="NoOpAsyncTransactionApi.java"><line nr="29" mi="3" ci="0" mb="0" cb="0"/><line nr="39" mi="1" ci="0" mb="0" cb="0"/><counter type="INSTRUCTION" missed="4" covered="0"/><counter type="LINE" missed="2" covered="0"/><counter type="COMPLEXITY" missed="2" covered="0"/><counter type="METHOD" missed="2" covered="0"/><counter type="CLASS" missed="1" covered="0"/></sourcefile><sourcefile name="TransactionCommand.java"><line nr="32" mi="0" ci="3" mb="0" cb="0"/><line nr="33" mi="0" ci="6" mb="0" cb="0"/><line nr="37" mi="0" ci="2" mb="0" cb="0"/><line nr="38" mi="0" ci="3" mb="0" cb="0"/><line nr="39" mi="0" ci="3" mb="0" cb="0"/><line nr="40" mi="0" ci="1" mb="0" cb="0"/><line nr="43" mi="0" ci="6" mb="0" cb="0"/><line nr="47" mi="3" ci="0" mb="0" cb="0"/><line nr="51" mi="3" ci="0" mb="0" cb="0"/><counter type="INSTRUCTION" missed="6" covered="24"/><counter type="LINE" missed="2" covered="7"/><counter type="COMPLEXITY" missed="2" covered="3"/><counter type="METHOD" missed="2" covered="3"/><counter type="CLASS" missed="0" covered="2"/></sourcefile><sourcefile name="AsyncTransactionApi.java"/><sourcefile name="AsyncTransactionApiImpl.java"><line nr="38" mi="2" ci="0" mb="0" cb="0"/><line nr="39" mi="3" ci="0" mb="0" cb="0"/><line nr="40" mi="3" ci="0" mb="0" cb="0"/><line nr="41" mi="1" ci="0" mb="0" cb="0"/><line nr="49" mi="7" ci="0" mb="0" cb="0"/><line nr="50" mi="1" ci="0" mb="0" cb="0"/><counter type="INSTRUCTION" missed="17" covered="0"/><counter type="LINE" missed="6" covered="0"/><counter type="COMPLEXITY" missed="2" covered="0"/><counter type="METHOD" missed="2" covered="0"/><counter type="CLASS" missed="1" covered="0"/></sourcefile><counter type="INSTRUCTION" missed="27" covered="24"/><counter type="LINE" missed="10" covered="7"/><counter type="COMPLEXITY" missed="6" covered="3"/><counter type="METHOD" missed="6" covered="3"/><counter type="CLASS" missed="2" covered="2"/></package><package name="org/openwms/wms/movements/impl"><class name="org/openwms/wms/movements/impl/ProblemHistory_" sourcefilename="ProblemHistory_.java"><method name="&lt;init&gt;" desc="()V" line="11"><counter type="INSTRUCTION" missed="3" covered="0"/><counter type="LINE" missed="1" covered="0"/><counter type="COMPLEXITY" missed="1" covered="0"/><counter type="METHOD" missed="1" covered="0"/></method><counter type="INSTRUCTION" missed="3" covered="0"/><counter type="LINE" missed="1" covered="0"/><counter type="COMPLEXITY" missed="1" covered="0"/><counter type="METHOD" missed="1" covered="0"/><counter type="CLASS" missed="1" covered="0"/></class><class name="org/openwms/wms/movements/impl/MovementEventPropagator" sourcefilename="MovementEventPropagator.java"><method name="&lt;init&gt;" desc="(Ljava/lang/String;Lorg/springframework/amqp/core/AmqpTemplate;)V" line="52"><counter type="INSTRUCTION" missed="0" covered="9"/><counter type="LINE" missed="0" covered="4"/><counter type="COMPLEXITY" missed="0" covered="1"/><counter type="METHOD" missed="0" covered="1"/></method><method name="onEvent" desc="(Lorg/openwms/wms/movements/impl/MovementEvent;)V" line="61"><counter type="INSTRUCTION" missed="5" covered="94"/><counter type="BRANCH" missed="1" covered="4"/><counter type="LINE" missed="1" covered="37"/><counter type="COMPLEXITY" missed="1" covered="4"/><counter type="METHOD" missed="0" covered="1"/></method><method name="&lt;clinit&gt;" desc="()V" line="46"><counter type="INSTRUCTION" missed="0" covered="4"/><counter type="LINE" missed="0" covered="1"/><counter type="COMPLEXITY" missed="0" covered="1"/><counter type="METHOD" missed="0" covered="1"/></method><counter type="INSTRUCTION" missed="5" covered="107"/><counter type="BRANCH" missed="1" covered="4"/><counter type="LINE" missed="1" covered="42"/><counter type="COMPLEXITY" missed="1" covered="6"/><counter type="METHOD" missed="0" covered="3"/><counter type="CLASS" missed="0" covered="1"/></class><class name="org/openwms/wms/movements/impl/MovementHandler" sourcefilename="MovementHandler.java"/><class name="org/openwms/wms/movements/impl/MovementEventListener" sourcefilename="MovementEventListener.java"><method name="&lt;init&gt;" desc="(Lorg/ameba/i18n/Translator;Lorg/openwms/common/location/api/LocationApi;Lorg/openwms/wms/movements/spi/common/AsyncTransportUnitApi;)V" line="45"><counter type="INSTRUCTION" missed="0" covered="12"/><counter type="LINE" missed="0" covered="5"/><counter type="COMPLEXITY" missed="0" covered="1"/><counter type="METHOD" missed="0" covered="1"/></method><method name="onEvent" desc="(Lorg/openwms/wms/movements/impl/MovementTargetChangedEvent;)V" line="55"><counter type="INSTRUCTION" missed="23" covered="32"/><counter type="BRANCH" missed="1" covered="1"/><counter type="LINE" missed="2" covered="10"/><counter type="COMPLEXITY" missed="1" covered="1"/><counter type="METHOD" missed="0" covered="1"/></method><counter type="INSTRUCTION" missed="23" covered="44"/><counter type="BRANCH" missed="1" covered="1"/><counter type="LINE" missed="2" covered="15"/><counter type="COMPLEXITY" missed="1" covered="2"/><counter type="METHOD" missed="0" covered="2"/><counter type="CLASS" missed="0" covered="1"/></class><class name="org/openwms/wms/movements/impl/MovementRepository" sourcefilename="MovementRepository.java"/><class name="org/openwms/wms/movements/impl/ProblemHistory" sourcefilename="ProblemHistory.java"><method name="&lt;init&gt;" desc="()V" line="49"><counter type="INSTRUCTION" missed="0" covered="3"/><counter type="LINE" missed="0" covered="1"/><counter type="COMPLEXITY" missed="0" covered="1"/><counter type="METHOD" missed="0" covered="1"/></method><method name="&lt;init&gt;" desc="(Lorg/openwms/wms/movements/impl/Movement;Lorg/openwms/wms/movements/Message;)V" line="57"><counter type="INSTRUCTION" missed="0" covered="9"/><counter type="LINE" missed="0" covered="4"/><counter type="COMPLEXITY" missed="0" covered="1"/><counter type="METHOD" missed="0" covered="1"/></method><method name="getProblem" desc="()Lorg/openwms/wms/movements/Message;" line="68"><counter type="INSTRUCTION" missed="3" covered="0"/><counter type="LINE" missed="1" covered="0"/><counter type="COMPLEXITY" missed="1" covered="0"/><counter type="METHOD" missed="1" covered="0"/></method><method name="getMovement" desc="()Lorg/openwms/wms/movements/impl/Movement;" line="77"><counter type="INSTRUCTION" missed="3" covered="0"/><counter type="LINE" missed="1" covered="0"/><counter type="COMPLEXITY" missed="1" covered="0"/><counter type="METHOD" missed="1" covered="0"/></method><method name="toString" desc="()Ljava/lang/String;" line="87"><counter type="INSTRUCTION" missed="8" covered="0"/><counter type="LINE" missed="1" covered="0"/><counter type="COMPLEXITY" missed="1" covered="0"/><counter type="METHOD" missed="1" covered="0"/></method><method name="equals" desc="(Ljava/lang/Object;)Z" line="100"><counter type="INSTRUCTION" missed="35" covered="0"/><counter type="BRANCH" missed="10" covered="0"/><counter type="LINE" missed="5" covered="0"/><counter type="COMPLEXITY" missed="6" covered="0"/><counter type="METHOD" missed="1" covered="0"/></method><method name="hashCode" desc="()I" line="114"><counter type="INSTRUCTION" missed="20" covered="0"/><counter type="LINE" missed="1" covered="0"/><counter type="COMPLEXITY" missed="1" covered="0"/><counter type="METHOD" missed="1" covered="0"/></method><counter type="INSTRUCTION" missed="69" covered="12"/><counter type="BRANCH" missed="10" covered="0"/><counter type="LINE" missed="9" covered="5"/><counter type="COMPLEXITY" missed="10" covered="2"/><counter type="METHOD" missed="5" covered="2"/><counter type="CLASS" missed="0" covered="1"/></class><class name="org/openwms/wms/movements/impl/MovementGroup" sourcefilename="MovementGroup.java"><method name="&lt;init&gt;" desc="()V" line="57"><counter type="INSTRUCTION" missed="0" covered="8"/><counter type="LINE" missed="0" covered="2"/><counter type="COMPLEXITY" missed="0" covered="1"/><counter type="METHOD" missed="0" covered="1"/></method><method name="&lt;init&gt;" desc="(Ljava/lang/String;)V" line="57"><counter type="INSTRUCTION" missed="11" covered="0"/><counter type="LINE" missed="4" covered="0"/><counter type="COMPLEXITY" missed="1" covered="0"/><counter type="METHOD" missed="1" covered="0"/></method><method name="prePersist" desc="()V" line="71"><counter type="INSTRUCTION" missed="5" covered="0"/><counter type="LINE" missed="2" covered="0"/><counter type="COMPLEXITY" missed="1" covered="0"/><counter type="METHOD" missed="1" covered="0"/></method><method name="getName" desc="()Ljava/lang/String;" line="76"><counter type="INSTRUCTION" missed="3" covered="0"/><counter type="LINE" missed="1" covered="0"/><counter type="COMPLEXITY" missed="1" covered="0"/><counter type="METHOD" missed="1" covered="0"/></method><method name="setName" desc="(Ljava/lang/String;)V" line="80"><counter type="INSTRUCTION" missed="4" covered="0"/><counter type="LINE" missed="2" covered="0"/><counter type="COMPLEXITY" missed="1" covered="0"/><counter type="METHOD" missed="1" covered="0"/></method><method name="getState" desc="()Ljava/lang/String;" line="84"><counter type="INSTRUCTION" missed="3" covered="0"/><counter type="LINE" missed="1" covered="0"/><counter type="COMPLEXITY" missed="1" covered="0"/><counter type="METHOD" missed="1" covered="0"/></method><method name="setState" desc="(Ljava/lang/String;)V" line="88"><counter type="INSTRUCTION" missed="4" covered="0"/><counter type="LINE" missed="2" covered="0"/><counter type="COMPLEXITY" missed="1" covered="0"/><counter type="METHOD" missed="1" covered="0"/></method><method name="getAssignedUser" desc="()Ljava/lang/String;" line="92"><counter type="INSTRUCTION" missed="3" covered="0"/><counter type="LINE" missed="1" covered="0"/><counter type="COMPLEXITY" missed="1" covered="0"/><counter type="METHOD" missed="1" covered="0"/></method><method name="setAssignedUser" desc="(Ljava/lang/String;)V" line="96"><counter type="INSTRUCTION" missed="4" covered="0"/><counter type="LINE" missed="2" covered="0"/><counter type="COMPLEXITY" missed="1" covered="0"/><counter type="METHOD" missed="1" covered="0"/></method><method name="getMovements" desc="()Ljava/util/Set;" line="100"><counter type="INSTRUCTION" missed="3" covered="0"/><counter type="LINE" missed="1" covered="0"/><counter type="COMPLEXITY" missed="1" covered="0"/><counter type="METHOD" missed="1" covered="0"/></method><method name="setMovements" desc="(Ljava/util/Set;)V" line="104"><counter type="INSTRUCTION" missed="4" covered="0"/><counter type="LINE" missed="2" covered="0"/><counter type="COMPLEXITY" missed="1" covered="0"/><counter type="METHOD" missed="1" covered="0"/></method><method name="toString" desc="()Ljava/lang/String;" line="114"><counter type="INSTRUCTION" missed="11" covered="0"/><counter type="LINE" missed="1" covered="0"/><counter type="COMPLEXITY" missed="1" covered="0"/><counter type="METHOD" missed="1" covered="0"/></method><method name="equals" desc="(Ljava/lang/Object;)Z" line="129"><counter type="INSTRUCTION" missed="47" covered="0"/><counter type="BRANCH" missed="14" covered="0"/><counter type="LINE" missed="5" covered="0"/><counter type="COMPLEXITY" missed="8" covered="0"/><counter type="METHOD" missed="1" covered="0"/></method><method name="hashCode" desc="()I" line="143"><counter type="INSTRUCTION" missed="30" covered="0"/><counter type="LINE" missed="1" covered="0"/><counter type="COMPLEXITY" missed="1" covered="0"/><counter type="METHOD" missed="1" covered="0"/></method><counter type="INSTRUCTION" missed="132" covered="8"/><counter type="BRANCH" missed="14" covered="0"/><counter type="LINE" missed="24" covered="2"/><counter type="COMPLEXITY" missed="20" covered="1"/><counter type="METHOD" missed="13" covered="1"/><counter type="CLASS" missed="0" covered="1"/></class><class name="org/openwms/wms/movements/impl/MovementMapper" sourcefilename="MovementMapper.java"><method name="&lt;init&gt;" desc="()V" line="29"><counter type="INSTRUCTION" missed="0" covered="3"/><counter type="LINE" missed="0" covered="1"/><counter type="COMPLEXITY" missed="0" covered="1"/><counter type="METHOD" missed="0" covered="1"/></method><method name="convertTo" desc="(Ljava/lang/Integer;)Lorg/openwms/wms/movements/impl/PriorityLevel;" line="55"><counter type="INSTRUCTION" missed="26" covered="4"/><counter type="BRANCH" missed="9" covered="1"/><counter type="LINE" missed="9" covered="2"/><counter type="COMPLEXITY" missed="5" covered="1"/><counter type="METHOD" missed="0" covered="1"/></method><method name="convertFrom" desc="(Lorg/openwms/wms/movements/impl/PriorityLevel;)Ljava/lang/Integer;" line="71"><counter type="INSTRUCTION" missed="2" covered="6"/><counter type="BRANCH" missed="1" covered="1"/><counter type="LINE" missed="1" covered="2"/><counter type="COMPLEXITY" missed="1" covered="1"/><counter type="METHOD" missed="0" covered="1"/></method><counter type="INSTRUCTION" missed="28" covered="13"/><counter type="BRANCH" missed="10" covered="2"/><counter type="LINE" missed="10" covered="5"/><counter type="COMPLEXITY" missed="6" covered="3"/><counter type="METHOD" missed="0" covered="3"/><counter type="CLASS" missed="0" covered="1"/></class><class name="org/openwms/wms/movements/impl/MovementEvent" sourcefilename="MovementEvent.java"><method name="&lt;init&gt;" desc="(Lorg/openwms/wms/movements/impl/Movement;Lorg/openwms/wms/movements/impl/MovementEvent$Type;)V" line="36"><counter type="INSTRUCTION" missed="0" covered="10"/><counter type="LINE" missed="0" covered="4"/><counter type="COMPLEXITY" missed="0" covered="1"/><counter type="METHOD" missed="0" covered="1"/></method><method name="&lt;init&gt;" desc="(Lorg/openwms/wms/movements/impl/Movement;Lorg/openwms/wms/movements/impl/MovementEvent$Type;Ljava/lang/String;)V" line="42"><counter type="INSTRUCTION" missed="0" covered="13"/><counter type="LINE" missed="0" covered="5"/><counter type="COMPLEXITY" missed="0" covered="1"/><counter type="METHOD" missed="0" covered="1"/></method><method name="getSource" desc="()Lorg/openwms/wms/movements/impl/Movement;" line="50"><counter type="INSTRUCTION" missed="0" covered="4"/><counter type="LINE" missed="0" covered="1"/><counter type="COMPLEXITY" missed="0" covered="1"/><counter type="METHOD" missed="0" covered="1"/></method><method name="getType" desc="()Lorg/openwms/wms/movements/impl/MovementEvent$Type;" line="54"><counter type="INSTRUCTION" missed="0" covered="3"/><counter type="LINE" missed="0" covered="1"/><counter type="COMPLEXITY" missed="0" covered="1"/><counter type="METHOD" missed="0" covered="1"/></method><method name="getPreviousLocation" desc="()Ljava/lang/String;" line="58"><counter type="INSTRUCTION" missed="0" covered="3"/><counter type="LINE" missed="0" covered="1"/><counter type="COMPLEXITY" missed="0" covered="1"/><counter type="METHOD" missed="0" covered="1"/></method><counter type="INSTRUCTION" missed="0" covered="33"/><counter type="LINE" missed="0" covered="12"/><counter type="COMPLEXITY" missed="0" covered="5"/><counter type="METHOD" missed="0" covered="5"/><counter type="CLASS" missed="0" covered="1"/></class><class name="org/openwms/wms/movements/impl/MovementMapperImpl" sourcefilename="MovementMapperImpl.java"><method name="&lt;init&gt;" desc="()V" line="14"><counter type="INSTRUCTION" missed="0" covered="3"/><counter type="LINE" missed="0" covered="1"/><counter type="COMPLEXITY" missed="0" covered="1"/><counter type="METHOD" missed="0" covered="1"/></method><method name="convertToVO" desc="(Lorg/openwms/wms/movements/commands/MovementMO;)Lorg/openwms/wms/movements/api/MovementVO;" line="18"><counter type="INSTRUCTION" missed="19" covered="0"/><counter type="BRANCH" missed="2" covered="0"/><counter type="LINE" missed="6" covered="0"/><counter type="COMPLEXITY" missed="2" covered="0"/><counter type="METHOD" missed="1" covered="0"/></method><method name="convertToVO" desc="(Lorg/openwms/wms/movements/impl/Movement;)Lorg/openwms/wms/movements/api/MovementVO;" line="32"><counter type="INSTRUCTION" missed="2" covered="98"/><counter type="BRANCH" missed="3" covered="3"/><counter type="LINE" missed="1" covered="21"/><counter type="COMPLEXITY" missed="3" covered="1"/><counter type="METHOD" missed="0" covered="1"/></method><method name="convertTo" desc="(Lorg/openwms/wms/movements/api/MovementVO;)Lorg/openwms/wms/movements/impl/Movement;" line="65"><counter type="INSTRUCTION" missed="2" covered="72"/><counter type="BRANCH" missed="1" covered="5"/><counter type="LINE" missed="1" covered="18"/><counter type="COMPLEXITY" missed="1" covered="3"/><counter type="METHOD" missed="0" covered="1"/></method><method name="eoTransportUnitBkValue" desc="(Lorg/openwms/wms/movements/impl/Movement;)Ljava/lang/String;" line="94"><counter type="INSTRUCTION" missed="2" covered="8"/><counter type="BRANCH" missed="1" covered="1"/><counter type="LINE" missed="1" covered="3"/><counter type="COMPLEXITY" missed="1" covered="1"/><counter type="METHOD" missed="0" covered="1"/></method><counter type="INSTRUCTION" missed="25" covered="181"/><counter type="BRANCH" missed="7" covered="9"/><counter type="LINE" missed="9" covered="43"/><counter type="COMPLEXITY" missed="7" covered="6"/><counter type="METHOD" missed="1" covered="4"/><counter type="CLASS" missed="0" covered="1"/></class><class name="org/openwms/wms/movements/impl/PriorityLevel" sourcefilename="PriorityLevel.java"><method name="of" desc="(Ljava/lang/String;)Lorg/openwms/wms/movements/impl/PriorityLevel;" line="50"><counter type="INSTRUCTION" missed="11" covered="0"/><counter type="LINE" missed="4" covered="0"/><counter type="COMPLEXITY" missed="1" covered="0"/><counter type="METHOD" missed="1" covered="0"/></method><method name="&lt;init&gt;" desc="(Ljava/lang/String;II)V" line="61"><counter type="INSTRUCTION" missed="0" covered="8"/><counter type="LINE" missed="0" covered="3"/><counter type="COMPLEXITY" missed="0" covered="1"/><counter type="METHOD" missed="0" covered="1"/></method><method name="getOrder" desc="()I" line="71"><counter type="INSTRUCTION" missed="0" covered="3"/><counter type="LINE" missed="0" covered="1"/><counter type="COMPLEXITY" missed="0" covered="1"/><counter type="METHOD" missed="0" covered="1"/></method><method name="lambda$of$1" desc="(Ljava/lang/String;)Ljava/lang/IllegalArgumentException;" line="53"><counter type="INSTRUCTION" missed="12" covered="0"/><counter type="LINE" missed="1" covered="0"/><counter type="COMPLEXITY" missed="1" covered="0"/><counter type="METHOD" missed="1" covered="0"/></method><method name="lambda$of$0" desc="(Ljava/lang/String;Lorg/openwms/wms/movements/impl/PriorityLevel;)Z" line="51"><counter type="INSTRUCTION" missed="5" covered="0"/><counter type="LINE" missed="1" covered="0"/><counter type="COMPLEXITY" missed="1" covered="0"/><counter type="METHOD" missed="1" covered="0"/></method><method name="&lt;clinit&gt;" desc="()V" line="26"><counter type="INSTRUCTION" missed="0" covered="38"/><counter type="LINE" missed="0" covered="6"/><counter type="COMPLEXITY" missed="0" covered="1"/><counter type="METHOD" missed="0" covered="1"/></method><counter type="INSTRUCTION" missed="28" covered="49"/><counter type="LINE" missed="4" covered="10"/><counter type="COMPLEXITY" missed="3" covered="3"/><counter type="METHOD" missed="3" covered="3"/><counter type="CLASS" missed="0" covered="1"/></class><class name="org/openwms/wms/movements/impl/Movement" sourcefilename="Movement.java"><method name="&lt;init&gt;" desc="()V" line="96"><counter type="INSTRUCTION" missed="0" covered="6"/><counter type="LINE" missed="0" covered="2"/><counter type="COMPLEXITY" missed="0" covered="1"/><counter type="METHOD" missed="0" covered="1"/></method><method name="setPersistentKey" desc="(Ljava/lang/String;)V" line="160"><counter type="INSTRUCTION" missed="0" covered="4"/><counter type="LINE" missed="0" covered="2"/><counter type="COMPLEXITY" missed="0" covered="1"/><counter type="METHOD" missed="0" covered="1"/></method><method name="addProblem" desc="(Lorg/openwms/wms/movements/impl/ProblemHistory;)Z" line="170"><counter type="INSTRUCTION" missed="0" covered="14"/><counter type="BRANCH" missed="1" covered="1"/><counter type="LINE" missed="0" covered="3"/><counter type="COMPLEXITY" missed="1" covered="1"/><counter type="METHOD" missed="0" covered="1"/></method><method name="emptyTargetLocation" desc="()Z" line="182"><counter type="INSTRUCTION" missed="5" covered="6"/><counter type="BRANCH" missed="3" covered="1"/><counter type="LINE" missed="0" covered="1"/><counter type="COMPLEXITY" missed="2" covered="1"/><counter type="METHOD" missed="0" covered="1"/></method><method name="setInitiatorOrDefault" desc="(Ljava/lang/String;Ljava/lang/String;)V" line="192"><counter type="INSTRUCTION" missed="7" covered="9"/><counter type="BRANCH" missed="2" covered="2"/><counter type="LINE" missed="2" covered="3"/><counter type="COMPLEXITY" missed="2" covered="1"/><counter type="METHOD" missed="0" covered="1"/></method><method name="hasSKU" desc="()Z" line="206"><counter type="INSTRUCTION" missed="11" covered="0"/><counter type="BRANCH" missed="4" covered="0"/><counter type="LINE" missed="1" covered="0"/><counter type="COMPLEXITY" missed="3" covered="0"/><counter type="METHOD" missed="1" covered="0"/></method><method name="initStartDate" desc="(Ljava/time/ZonedDateTime;)V" line="215"><counter type="INSTRUCTION" missed="3" covered="4"/><counter type="BRANCH" missed="1" covered="1"/><counter type="LINE" missed="1" covered="2"/><counter type="COMPLEXITY" missed="1" covered="1"/><counter type="METHOD" missed="0" covered="1"/></method><method name="getTransportUnitBk" desc="()Lorg/openwms/common/transport/Barcode;" line="222"><counter type="INSTRUCTION" missed="0" covered="3"/><counter type="LINE" missed="0" covered="1"/><counter type="COMPLEXITY" missed="0" covered="1"/><counter type="METHOD" missed="0" covered="1"/></method><method name="setTransportUnitBk" desc="(Lorg/openwms/common/transport/Barcode;)V" line="226"><counter type="INSTRUCTION" missed="0" covered="4"/><counter type="LINE" missed="0" covered="2"/><counter type="COMPLEXITY" missed="0" covered="1"/><counter type="METHOD" missed="0" covered="1"/></method><method name="getType" desc="()Lorg/openwms/wms/movements/api/MovementType;" line="230"><counter type="INSTRUCTION" missed="0" covered="3"/><counter type="LINE" missed="0" covered="1"/><counter type="COMPLEXITY" missed="0" covered="1"/><counter type="METHOD" missed="0" covered="1"/></method><method name="setType" desc="(Lorg/openwms/wms/movements/api/MovementType;)V" line="234"><counter type="INSTRUCTION" missed="0" covered="4"/><counter type="LINE" missed="0" covered="2"/><counter type="COMPLEXITY" missed="0" covered="1"/><counter type="METHOD" missed="0" covered="1"/></method><method name="getInitiator" desc="()Ljava/lang/String;" line="238"><counter type="INSTRUCTION" missed="0" covered="3"/><counter type="LINE" missed="0" covered="1"/><counter type="COMPLEXITY" missed="0" covered="1"/><counter type="METHOD" missed="0" covered="1"/></method><method name="setInitiator" desc="(Ljava/lang/String;)V" line="242"><counter type="INSTRUCTION" missed="0" covered="4"/><counter type="LINE" missed="0" covered="2"/><counter type="COMPLEXITY" missed="0" covered="1"/><counter type="METHOD" missed="0" covered="1"/></method><method name="getGroup" desc="()Lorg/openwms/wms/movements/impl/MovementGroup;" line="246"><counter type="INSTRUCTION" missed="3" covered="0"/><counter type="LINE" missed="1" covered="0"/><counter type="COMPLEXITY" missed="1" covered="0"/><counter type="METHOD" missed="1" covered="0"/></method><method name="getSku" desc="()Ljava/lang/String;" line="250"><counter type="INSTRUCTION" missed="0" covered="3"/><counter type="LINE" missed="0" covered="1"/><counter type="COMPLEXITY" missed="0" covered="1"/><counter type="METHOD" missed="0" covered="1"/></method><method name="setSku" desc="(Ljava/lang/String;)V" line="254"><counter type="INSTRUCTION" missed="0" covered="4"/><counter type="LINE" missed="0" covered="2"/><counter type="COMPLEXITY" missed="0" covered="1"/><counter type="METHOD" missed="0" covered="1"/></method><method name="getPriority" desc="()Lorg/openwms/wms/movements/impl/PriorityLevel;" line="258"><counter type="INSTRUCTION" missed="0" covered="3"/><counter type="LINE" missed="0" covered="1"/><counter type="COMPLEXITY" missed="0" covered="1"/><counter type="METHOD" missed="0" covered="1"/></method><method name="setPriority" desc="(Lorg/openwms/wms/movements/impl/PriorityLevel;)V" line="262"><counter type="INSTRUCTION" missed="0" covered="4"/><counter type="LINE" missed="0" covered="2"/><counter type="COMPLEXITY" missed="0" covered="1"/><counter type="METHOD" missed="0" covered="1"/></method><method name="getMode" desc="()Lorg/openwms/wms/movements/api/StartMode;" line="266"><counter type="INSTRUCTION" missed="0" covered="3"/><counter type="LINE" missed="0" covered="1"/><counter type="COMPLEXITY" missed="0" covered="1"/><counter type="METHOD" missed="0" covered="1"/></method><method name="setMode" desc="(Lorg/openwms/wms/movements/api/StartMode;)V" line="270"><counter type="INSTRUCTION" missed="0" covered="4"/><counter type="LINE" missed="0" covered="2"/><counter type="COMPLEXITY" missed="0" covered="1"/><counter type="METHOD" missed="0" covered="1"/></method><method name="getMessage" desc="()Lorg/openwms/wms/movements/Message;" line="274"><counter type="INSTRUCTION" missed="3" covered="0"/><counter type="LINE" missed="1" covered="0"/><counter type="COMPLEXITY" missed="1" covered="0"/><counter type="METHOD" missed="1" covered="0"/></method><method name="setMessage" desc="(Lorg/openwms/wms/movements/Message;)V" line="278"><counter type="INSTRUCTION" missed="4" covered="0"/><counter type="LINE" missed="2" covered="0"/><counter type="COMPLEXITY" missed="1" covered="0"/><counter type="METHOD" missed="1" covered="0"/></method><method name="getState" desc="()Lorg/openwms/wms/movements/spi/DefaultMovementState;" line="282"><counter type="INSTRUCTION" missed="0" covered="3"/><counter type="LINE" missed="0" covered="1"/><counter type="COMPLEXITY" missed="0" covered="1"/><counter type="METHOD" missed="0" covered="1"/></method><method name="setState" desc="(Lorg/openwms/wms/movements/spi/DefaultMovementState;)V" line="286"><counter type="INSTRUCTION" missed="0" covered="4"/><counter type="LINE" missed="0" covered="2"/><counter type="COMPLEXITY" missed="0" covered="1"/><counter type="METHOD" missed="0" covered="1"/></method><method name="getProblems" desc="()Ljava/util/List;" line="290"><counter type="INSTRUCTION" missed="3" covered="0"/><counter type="LINE" missed="1" covered="0"/><counter type="COMPLEXITY" missed="1" covered="0"/><counter type="METHOD" missed="1" covered="0"/></method><method name="getSourceLocation" desc="()Ljava/lang/String;" line="294"><counter type="INSTRUCTION" missed="0" covered="3"/><counter type="LINE" missed="0" covered="1"/><counter type="COMPLEXITY" missed="0" covered="1"/><counter type="METHOD" missed="0" covered="1"/></method><method name="setSourceLocation" desc="(Ljava/lang/String;)V" line="298"><counter type="INSTRUCTION" missed="0" covered="4"/><counter type="LINE" missed="0" covered="2"/><counter type="COMPLEXITY" missed="0" covered="1"/><counter type="METHOD" missed="0" covered="1"/></method><method name="getSourceLocationGroupName" desc="()Ljava/lang/String;" line="302"><counter type="INSTRUCTION" missed="0" covered="3"/><counter type="LINE" missed="0" covered="1"/><counter type="COMPLEXITY" missed="0" covered="1"/><counter type="METHOD" missed="0" covered="1"/></method><method name="setSourceLocationGroupName" desc="(Ljava/lang/String;)V" line="306"><counter type="INSTRUCTION" missed="0" covered="4"/><counter type="LINE" missed="0" covered="2"/><counter type="COMPLEXITY" missed="0" covered="1"/><counter type="METHOD" missed="0" covered="1"/></method><method name="getTargetLocation" desc="()Ljava/lang/String;" line="310"><counter type="INSTRUCTION" missed="0" covered="3"/><counter type="LINE" missed="0" covered="1"/><counter type="COMPLEXITY" missed="0" covered="1"/><counter type="METHOD" missed="0" covered="1"/></method><method name="setTargetLocation" desc="(Ljava/lang/String;)V" line="314"><counter type="INSTRUCTION" missed="0" covered="4"/><counter type="LINE" missed="0" covered="2"/><counter type="COMPLEXITY" missed="0" covered="1"/><counter type="METHOD" missed="0" covered="1"/></method><method name="getTargetLocationGroup" desc="()Ljava/lang/String;" line="318"><counter type="INSTRUCTION" missed="0" covered="3"/><counter type="LINE" missed="0" covered="1"/><counter type="COMPLEXITY" missed="0" covered="1"/><counter type="METHOD" missed="0" covered="1"/></method><method name="emptyTargetLocationGroup" desc="()Z" line="322"><counter type="INSTRUCTION" missed="2" covered="5"/><counter type="BRANCH" missed="1" covered="1"/><counter type="LINE" missed="0" covered="1"/><counter type="COMPLEXITY" missed="1" covered="1"/><counter type="METHOD" missed="0" covered="1"/></method><method name="setTargetLocationGroup" desc="(Ljava/lang/String;)V" line="326"><counter type="INSTRUCTION" missed="0" covered="4"/><counter type="LINE" missed="0" covered="2"/><counter type="COMPLEXITY" missed="0" covered="1"/><counter type="METHOD" missed="0" covered="1"/></method><method name="getStartEarliestDate" desc="()Ljava/time/ZonedDateTime;" line="330"><counter type="INSTRUCTION" missed="3" covered="0"/><counter type="LINE" missed="1" covered="0"/><counter type="COMPLEXITY" missed="1" covered="0"/><counter type="METHOD" missed="1" covered="0"/></method><method name="getStartDate" desc="()Ljava/time/ZonedDateTime;" line="334"><counter type="INSTRUCTION" missed="0" covered="3"/><counter type="LINE" missed="0" covered="1"/><counter type="COMPLEXITY" missed="0" covered="1"/><counter type="METHOD" missed="0" covered="1"/></method><method name="setStartDate" desc="(Ljava/time/ZonedDateTime;)V" line="338"><counter type="INSTRUCTION" missed="0" covered="4"/><counter type="LINE" missed="0" covered="2"/><counter type="COMPLEXITY" missed="0" covered="1"/><counter type="METHOD" missed="0" covered="1"/></method><method name="getLatestDueDate" desc="()Ljava/time/ZonedDateTime;" line="342"><counter type="INSTRUCTION" missed="0" covered="3"/><counter type="LINE" missed="0" covered="1"/><counter type="COMPLEXITY" missed="0" covered="1"/><counter type="METHOD" missed="0" covered="1"/></method><method name="getEndDate" desc="()Ljava/time/ZonedDateTime;" line="346"><counter type="INSTRUCTION" missed="0" covered="3"/><counter type="LINE" missed="0" covered="1"/><counter type="COMPLEXITY" missed="0" covered="1"/><counter type="METHOD" missed="0" covered="1"/></method><method name="setEndDate" desc="(Ljava/time/ZonedDateTime;)V" line="350"><counter type="INSTRUCTION" missed="0" covered="4"/><counter type="LINE" missed="0" covered="2"/><counter type="COMPLEXITY" missed="0" covered="1"/><counter type="METHOD" missed="0" covered="1"/></method><method name="toString" desc="()Ljava/lang/String;" line="360"><counter type="INSTRUCTION" missed="0" covered="44"/><counter type="LINE" missed="0" covered="2"/><counter type="COMPLEXITY" missed="0" covered="1"/><counter type="METHOD" missed="0" covered="1"/></method><method name="equals" desc="(Ljava/lang/Object;)Z" line="387"><counter type="INSTRUCTION" missed="115" covered="0"/><counter type="BRANCH" missed="38" covered="0"/><counter type="LINE" missed="5" covered="0"/><counter type="COMPLEXITY" missed="20" covered="0"/><counter type="METHOD" missed="1" covered="0"/></method><method name="hashCode" desc="()I" line="396"><counter type="INSTRUCTION" missed="90" covered="0"/><counter type="LINE" missed="1" covered="0"/><counter type="COMPLEXITY" missed="1" covered="0"/><counter type="METHOD" missed="1" covered="0"/></method><counter type="INSTRUCTION" missed="249" covered="186"/><counter type="BRANCH" missed="50" covered="6"/><counter type="LINE" missed="16" covered="56"/><counter type="COMPLEXITY" missed="36" covered="35"/><counter type="METHOD" missed="8" covered="35"/><counter type="CLASS" missed="0" covered="1"/></class><class name="org/openwms/wms/movements/impl/PutawayAdapter" sourcefilename="PutawayAdapter.java"><method name="&lt;init&gt;" desc="(Lorg/springframework/context/ApplicationEventPublisher;Lorg/openwms/wms/movements/MovementProperties;Lorg/openwms/wms/movements/impl/MovementRepository;Lorg/openwms/wms/movements/spi/common/putaway/PutawayApi;)V" line="48"><counter type="INSTRUCTION" missed="0" covered="15"/><counter type="LINE" missed="0" covered="6"/><counter type="COMPLEXITY" missed="0" covered="1"/><counter type="METHOD" missed="0" covered="1"/></method><method name="onEvent" desc="(Lorg/openwms/wms/movements/impl/MovementEvent;)V" line="60"><counter type="INSTRUCTION" missed="3" covered="85"/><counter type="BRANCH" missed="2" covered="4"/><counter type="LINE" missed="1" covered="19"/><counter type="COMPLEXITY" missed="2" covered="2"/><counter type="METHOD" missed="0" covered="1"/></method><method name="&lt;clinit&gt;" desc="()V" line="42"><counter type="INSTRUCTION" missed="0" covered="4"/><counter type="LINE" missed="0" covered="1"/><counter type="COMPLEXITY" missed="0" covered="1"/><counter type="METHOD" missed="0" covered="1"/></method><counter type="INSTRUCTION" missed="3" covered="104"/><counter type="BRANCH" missed="2" covered="4"/><counter type="LINE" missed="1" covered="26"/><counter type="COMPLEXITY" missed="2" covered="4"/><counter type="METHOD" missed="0" covered="3"/><counter type="CLASS" missed="0" covered="1"/></class><class name="org/openwms/wms/movements/impl/MovementTargetChangedEvent" sourcefilename="MovementTargetChangedEvent.java"><method name="&lt;init&gt;" desc="(Lorg/openwms/wms/movements/impl/Movement;)V" line="28"><counter type="INSTRUCTION" missed="0" covered="4"/><counter type="LINE" missed="0" covered="2"/><counter type="COMPLEXITY" missed="0" covered="1"/><counter type="METHOD" missed="0" covered="1"/></method><method name="getSource" desc="()Lorg/openwms/wms/movements/impl/Movement;" line="33"><counter type="INSTRUCTION" missed="0" covered="4"/><counter type="LINE" missed="0" covered="1"/><counter type="COMPLEXITY" missed="0" covered="1"/><counter type="METHOD" missed="0" covered="1"/></method><counter type="INSTRUCTION" missed="0" covered="8"/><counter type="LINE" missed="0" covered="3"/><counter type="COMPLEXITY" missed="0" covered="2"/><counter type="METHOD" missed="0" covered="2"/><counter type="CLASS" missed="0" covered="1"/></class><class name="org/openwms/wms/movements/impl/TransactionWriter" sourcefilename="TransactionWriter.java"><method name="&lt;init&gt;" desc="(Ljava/lang/String;Lorg/ameba/i18n/Translator;Lorg/openwms/common/location/api/LocationApi;Lorg/openwms/wms/movements/spi/common/AsyncTransportUnitApi;Lorg/openwms/transactions/api/commands/AsyncTransactionApi;)V" line="64"><counter type="INSTRUCTION" missed="0" covered="18"/><counter type="LINE" missed="0" covered="7"/><counter type="COMPLEXITY" missed="0" covered="1"/><counter type="METHOD" missed="0" covered="1"/></method><method name="onEvent" desc="(Lorg/openwms/wms/movements/impl/MovementEvent;)V" line="76"><counter type="INSTRUCTION" missed="0" covered="129"/><counter type="BRANCH" missed="0" covered="3"/><counter type="LINE" missed="0" covered="32"/><counter type="COMPLEXITY" missed="0" covered="3"/><counter type="METHOD" missed="0" covered="1"/></method><method name="onEvent" desc="(Lorg/openwms/wms/movements/impl/MovementTargetChangedEvent;)V" line="120"><counter type="INSTRUCTION" missed="23" covered="32"/><counter type="BRANCH" missed="1" covered="1"/><counter type="LINE" missed="2" covered="10"/><counter type="COMPLEXITY" missed="1" covered="1"/><counter type="METHOD" missed="0" covered="1"/></method><counter type="INSTRUCTION" missed="23" covered="179"/><counter type="BRANCH" missed="1" covered="4"/><counter type="LINE" missed="2" covered="49"/><counter type="COMPLEXITY" missed="1" covered="5"/><counter type="METHOD" missed="0" covered="3"/><counter type="CLASS" missed="0" covered="1"/></class><class name="org/openwms/wms/movements/impl/MovementGroup_" sourcefilename="MovementGroup_.java"><method name="&lt;init&gt;" desc="()V" line="11"><counter type="INSTRUCTION" missed="3" covered="0"/><counter type="LINE" missed="1" covered="0"/><counter type="COMPLEXITY" missed="1" covered="0"/><counter type="METHOD" missed="1" covered="0"/></method><counter type="INSTRUCTION" missed="3" covered="0"/><counter type="LINE" missed="1" covered="0"/><counter type="COMPLEXITY" missed="1" covered="0"/><counter type="METHOD" missed="1" covered="0"/><counter type="CLASS" missed="1" covered="0"/></class><class name="org/openwms/wms/movements/impl/MovementEvent$Type" sourcefilename="MovementEvent.java"><method name="&lt;clinit&gt;" desc="()V" line="31"><counter type="INSTRUCTION" missed="0" covered="27"/><counter type="LINE" missed="0" covered="2"/><counter type="COMPLEXITY" missed="0" covered="1"/><counter type="METHOD" missed="0" covered="1"/></method><counter type="INSTRUCTION" missed="0" covered="27"/><counter type="LINE" missed="0" covered="2"/><counter type="COMPLEXITY" missed="0" covered="1"/><counter type="METHOD" missed="0" covered="1"/><counter type="CLASS" missed="0" covered="1"/></class><class name="org/openwms/wms/movements/impl/Movement_" sourcefilename="Movement_.java"><method name="&lt;init&gt;" desc="()V" line="17"><counter type="INSTRUCTION" missed="3" covered="0"/><counter type="LINE" missed="1" covered="0"/><counter type="COMPLEXITY" missed="1" covered="0"/><counter type="METHOD" missed="1" covered="0"/></method><counter type="INSTRUCTION" missed="3" covered="0"/><counter type="LINE" missed="1" covered="0"/><counter type="COMPLEXITY" missed="1" covered="0"/><counter type="METHOD" missed="1" covered="0"/><counter type="CLASS" missed="1" covered="0"/></class><class name="org/openwms/wms/movements/impl/MovementServiceImpl" sourcefilename="MovementServiceImpl.java"><method name="&lt;init&gt;" desc="(Lorg/springframework/context/ApplicationEventPublisher;Lorg/openwms/wms/movements/impl/MovementMapper;Ljakarta/validation/Validator;Lorg/ameba/i18n/Translator;Lorg/openwms/wms/movements/spi/MovementStateResolver;Lorg/openwms/wms/movements/impl/MovementRepository;Lorg/openwms/wms/movements/spi/MovementTypeResolver;Lorg/springframework/plugin/core/PluginRegistry;Lorg/openwms/wms/movements/spi/Validators;Lorg/openwms/common/transport/api/TransportUnitApi;Lorg/openwms/common/location/api/LocationApi;Lorg/openwms/common/location/api/LocationGroupApi;)V" line="96"><counter type="INSTRUCTION" missed="0" covered="39"/><counter type="LINE" missed="0" covered="14"/><counter type="COMPLEXITY" missed="0" covered="1"/><counter type="METHOD" missed="0" covered="1"/></method><method name="create" desc="(Ljava/lang/String;Lorg/openwms/wms/movements/api/MovementVO;)Lorg/openwms/wms/movements/api/MovementVO;" line="120"><counter type="INSTRUCTION" missed="6" covered="73"/><counter type="LINE" missed="2" covered="16"/><counter type="COMPLEXITY" missed="0" covered="1"/><counter type="METHOD" missed="0" covered="1"/></method><method name="resolveHandler" desc="(Lorg/openwms/wms/movements/api/MovementType;)Lorg/openwms/wms/movements/impl/MovementHandler;" line="142"><counter type="INSTRUCTION" missed="12" covered="12"/><counter type="BRANCH" missed="1" covered="1"/><counter type="LINE" missed="1" covered="3"/><counter type="COMPLEXITY" missed="1" covered="1"/><counter type="METHOD" missed="0" covered="1"/></method><method name="resolveTransportUnit" desc="(Ljava/lang/String;)V" line="151"><counter type="INSTRUCTION" missed="0" covered="15"/><counter type="LINE" missed="0" covered="5"/><counter type="COMPLEXITY" missed="0" covered="1"/><counter type="METHOD" missed="0" covered="1"/></method><method name="resolveLocation" desc="(Ljava/lang/String;)Lorg/openwms/common/location/api/LocationVO;" line="159"><counter type="INSTRUCTION" missed="16" covered="63"/><counter type="BRANCH" missed="0" covered="6"/><counter type="LINE" missed="4" covered="10"/><counter type="COMPLEXITY" missed="0" covered="4"/><counter type="METHOD" missed="0" covered="1"/></method><method name="validateAndResolveType" desc="(Lorg/openwms/wms/movements/api/MovementVO;)V" line="184"><counter type="INSTRUCTION" missed="10" covered="23"/><counter type="BRANCH" missed="2" covered="4"/><counter type="LINE" missed="2" covered="6"/><counter type="COMPLEXITY" missed="2" covered="2"/><counter type="METHOD" missed="0" covered="1"/></method><method name="findFor" desc="(Lorg/openwms/wms/movements/api/MovementState;Ljava/lang/String;[Lorg/openwms/wms/movements/api/MovementType;)Ljava/util/List;" line="203"><counter type="INSTRUCTION" missed="0" covered="52"/><counter type="BRANCH" missed="1" covered="1"/><counter type="LINE" missed="0" covered="10"/><counter type="COMPLEXITY" missed="1" covered="1"/><counter type="METHOD" missed="0" covered="1"/></method><method name="getPriorityList" desc="()Ljava/util/List;" line="224"><counter type="INSTRUCTION" missed="0" covered="8"/><counter type="LINE" missed="0" covered="4"/><counter type="COMPLEXITY" missed="0" covered="1"/><counter type="METHOD" missed="0" covered="1"/></method><method name="findInternal" desc="(Ljava/lang/String;)Lorg/openwms/wms/movements/impl/Movement;" line="231"><counter type="INSTRUCTION" missed="0" covered="10"/><counter type="LINE" missed="0" covered="2"/><counter type="COMPLEXITY" missed="0" covered="1"/><counter type="METHOD" missed="0" covered="1"/></method><method name="move" desc="(Ljava/lang/String;Lorg/openwms/wms/movements/api/MovementVO;)Lorg/openwms/wms/movements/api/MovementVO;" line="242"><counter type="INSTRUCTION" missed="0" covered="104"/><counter type="BRANCH" missed="0" covered="4"/><counter type="LINE" missed="0" covered="17"/><counter type="COMPLEXITY" missed="0" covered="3"/><counter type="METHOD" missed="0" covered="1"/></method><method name="complete" desc="(Ljava/lang/String;Lorg/openwms/wms/movements/api/MovementVO;)Lorg/openwms/wms/movements/api/MovementVO;" line="270"><counter type="INSTRUCTION" missed="6" covered="85"/><counter type="BRANCH" missed="1" covered="3"/><counter type="LINE" missed="1" covered="17"/><counter type="COMPLEXITY" missed="1" covered="2"/><counter type="METHOD" missed="0" covered="1"/></method><method name="cancel" desc="(Ljava/lang/String;)Lorg/openwms/wms/movements/api/MovementVO;" line="297"><counter type="INSTRUCTION" missed="6" covered="39"/><counter type="BRANCH" missed="1" covered="1"/><counter type="LINE" missed="1" covered="8"/><counter type="COMPLEXITY" missed="1" covered="1"/><counter type="METHOD" missed="0" covered="1"/></method><method name="findAll" desc="()Ljava/util/List;" line="316"><counter type="INSTRUCTION" missed="2" covered="14"/><counter type="BRANCH" missed="1" covered="1"/><counter type="LINE" missed="1" covered="3"/><counter type="COMPLEXITY" missed="1" covered="1"/><counter type="METHOD" missed="0" covered="1"/></method><method name="findForTuAndTypesAndStates" desc="(Ljava/lang/String;Ljava/util/List;Ljava/util/List;)Ljava/util/List;" line="329"><counter type="INSTRUCTION" missed="0" covered="34"/><counter type="BRANCH" missed="0" covered="2"/><counter type="LINE" missed="0" covered="8"/><counter type="COMPLEXITY" missed="0" covered="2"/><counter type="METHOD" missed="0" covered="1"/></method><method name="convert" desc="(Lorg/openwms/wms/movements/impl/Movement;)Lorg/openwms/wms/movements/api/MovementVO;" line="343">
[...]
ter type="COMPLEXITY" missed="1" covered="0"/><counter type="METHOD" missed="1" covered="0"/></method><method name="setSplitNo" desc="(I)V" line="55"><counter type="INSTRUCTION" missed="4" covered="0"/><counter type="LINE" missed="2" covered="0"/><counter type="COMPLEXITY" missed="1" covered="0"/><counter type="METHOD" missed="1" covered="0"/></method><method name="getPriority" desc="()I" line="59"><counter type="INSTRUCTION" missed="3" covered="0"/><counter type="LINE" missed="1" covered="0"/><counter type="COMPLEXITY" missed="1" covered="0"/><counter type="METHOD" missed="1" covered="0"/></method><method name="setPriority" desc="(I)V" line="63"><counter type="INSTRUCTION" missed="4" covered="0"/><counter type="LINE" missed="2" covered="0"/><counter type="COMPLEXITY" missed="1" covered="0"/><counter type="METHOD" missed="1" covered="0"/></method><method name="getTransportUnitBK" desc="()Ljava/lang/String;" line="67"><counter type="INSTRUCTION" missed="3" covered="0"/><counter type="LINE" missed="1" covered="0"/><counter type="COMPLEXITY" missed="1" covered="0"/><counter type="METHOD" missed="1" covered="0"/></method><method name="setTransportUnitBK" desc="(Ljava/lang/String;)V" line="71"><counter type="INSTRUCTION" missed="4" covered="0"/><counter type="LINE" missed="2" covered="0"/><counter type="COMPLEXITY" missed="1" covered="0"/><counter type="METHOD" missed="1" covered="0"/></method><method name="getTargetName" desc="()Ljava/lang/String;" line="75"><counter type="INSTRUCTION" missed="3" covered="0"/><counter type="LINE" missed="1" covered="0"/><counter type="COMPLEXITY" missed="1" covered="0"/><counter type="METHOD" missed="1" covered="0"/></method><method name="setTargetName" desc="(Ljava/lang/String;)V" line="79"><counter type="INSTRUCTION" missed="4" covered="0"/><counter type="LINE" missed="2" covered="0"/><counter type="COMPLEXITY" missed="1" covered="0"/><counter type="METHOD" missed="1" covered="0"/></method><counter type="INSTRUCTION" missed="45" covered="0"/><counter type="LINE" missed="19" covered="0"/><counter type="COMPLEXITY" missed="13" covered="0"/><counter type="METHOD" missed="13" covered="0"/><counter type="CLASS" missed="1" covered="0"/></class><class name="org/openwms/wms/movements/commands/MovementCommandListener" sourcefilename="MovementCommandListener.java"><method name="&lt;init&gt;" desc="(Lorg/openwms/wms/movements/impl/MovementMapper;Lorg/openwms/wms/movements/MovementService;)V" line="46"><counter type="INSTRUCTION" missed="0" covered="9"/><counter type="LINE" missed="0" covered="4"/><counter type="COMPLEXITY" missed="0" covered="1"/><counter type="METHOD" missed="0" covered="1"/></method><method name="onCommand" desc="(Lorg/openwms/wms/movements/commands/MovementCommand;)V" line="54"><counter type="INSTRUCTION" missed="22" covered="0"/><counter type="BRANCH" missed="2" covered="0"/><counter type="LINE" missed="5" covered="0"/><counter type="COMPLEXITY" missed="2" covered="0"/><counter type="METHOD" missed="1" covered="0"/></method><method name="&lt;clinit&gt;" desc="()V" line="42"><counter type="INSTRUCTION" missed="0" covered="4"/><counter type="LINE" missed="0" covered="1"/><counter type="COMPLEXITY" missed="0" covered="1"/><counter type="METHOD" missed="0" covered="1"/></method><counter type="INSTRUCTION" missed="22" covered="13"/><counter type="BRANCH" missed="2" covered="0"/><counter type="LINE" missed="5" covered="5"/><counter type="COMPLEXITY" missed="2" covered="2"/><counter type="METHOD" missed="1" covered="2"/><counter type="CLASS" missed="0" covered="1"/></class><class name="org/openwms/wms/movements/commands/MovementMO$Builder" sourcefilename="MovementMO.java"><method name="pKey" desc="(Ljava/lang/String;)Lorg/openwms/wms/movements/commands/MovementMO$Builder;" line="72"><counter type="INSTRUCTION" missed="0" covered="5"/><counter type="LINE" missed="0" covered="2"/><counter type="COMPLEXITY" missed="0" covered="1"/><counter type="METHOD" missed="0" covered="1"/></method><method name="transportUnitBK" desc="(Ljava/lang/String;)Lorg/openwms/wms/movements/commands/MovementMO$Builder;" line="77"><counter type="INSTRUCTION" missed="0" covered="5"/><counter type="LINE" missed="0" covered="2"/><counter type="COMPLEXITY" missed="0" covered="1"/><counter type="METHOD" missed="0" covered="1"/></method><method name="initiator" desc="(Ljava/lang/String;)Lorg/openwms/wms/movements/commands/MovementMO$Builder;" line="82"><counter type="INSTRUCTION" missed="0" covered="5"/><counter type="LINE" missed="0" covered="2"/><counter type="COMPLEXITY" missed="0" covered="1"/><counter type="METHOD" missed="0" covered="1"/></method><method name="target" desc="(Ljava/lang/String;)Lorg/openwms/wms/movements/commands/MovementMO$Builder;" line="87"><counter type="INSTRUCTION" missed="0" covered="5"/><counter type="LINE" missed="0" covered="2"/><counter type="COMPLEXITY" missed="0" covered="1"/><counter type="METHOD" missed="0" covered="1"/></method><method name="build" desc="()Lorg/openwms/wms/movements/commands/MovementMO;" line="92"><counter type="INSTRUCTION" missed="0" covered="5"/><counter type="LINE" missed="0" covered="1"/><counter type="COMPLEXITY" missed="0" covered="1"/><counter type="METHOD" missed="0" covered="1"/></method><counter type="INSTRUCTION" missed="0" covered="25"/><counter type="LINE" missed="0" covered="9"/><counter type="COMPLEXITY" missed="0" covered="5"/><counter type="METHOD" missed="0" covered="5"/><counter type="CLASS" missed="0" covered="1"/></class><sourcefile name="MovementMO.java"><line nr="32" mi="2" ci="0" mb="0" cb="0"/><line nr="33" mi="1" ci="0" mb="0" cb="0"/><line nr="35" mi="0" ci="2" mb="0" cb="0"/><line nr="36" mi="0" ci="4" mb="0" cb="0"/><line nr="37" mi="0" ci="4" mb="0" cb="0"/><line nr="38" mi="0" ci="4" mb="0" cb="0"/><line nr="39" mi="0" ci="4" mb="0" cb="0"/><line nr="40" mi="0" ci="1" mb="0" cb="0"/><line nr="43" mi="0" ci="4" mb="0" cb="0"/><line nr="47" mi="0" ci="3" mb="0" cb="0"/><line nr="51" mi="0" ci="3" mb="0" cb="0"/><line nr="55" mi="0" ci="3" mb="0" cb="0"/><line nr="59" mi="0" ci="3" mb="0" cb="0"/><line nr="72" mi="0" ci="3" mb="0" cb="0"/><line nr="73" mi="0" ci="2" mb="0" cb="0"/><line nr="77" mi="0" ci="3" mb="0" cb="0"/><line nr="78" mi="0" ci="2" mb="0" cb="0"/><line nr="82" mi="0" ci="3" mb="0" cb="0"/><line nr="83" mi="0" ci="2" mb="0" cb="0"/><line nr="87" mi="0" ci="3" mb="0" cb="0"/><line nr="88" mi="0" ci="2" mb="0" cb="0"/><line nr="92" mi="0" ci="5" mb="0" cb="0"/><counter type="INSTRUCTION" missed="3" covered="60"/><counter type="LINE" missed="2" covered="20"/><counter type="COMPLEXITY" missed="1" covered="11"/><counter type="METHOD" missed="1" covered="11"/><counter type="CLASS" missed="0" covered="2"/></sourcefile><sourcefile name="MovementCommandListener.java"><line nr="42" mi="0" ci="4" mb="0" cb="0"/><line nr="46" mi="0" ci="2" mb="0" cb="0"/><line nr="47" mi="0" ci="3" mb="0" cb="0"/><line nr="48" mi="0" ci="3" mb="0" cb="0"/><line nr="49" mi="0" ci="1" mb="0" cb="0"/><line nr="54" mi="4" ci="0" mb="2" cb="0"/><line nr="55" mi="3" ci="0" mb="0" cb="0"/><line nr="56" mi="4" ci="0" mb="0" cb="0"/><line nr="57" mi="10" ci="0" mb="0" cb="0"/><line nr="59" mi="1" ci="0" mb="0" cb="0"/><counter type="INSTRUCTION" missed="22" covered="13"/><counter type="BRANCH" missed="2" covered="0"/><counter type="LINE" missed="5" covered="5"/><counter type="COMPLEXITY" missed="2" covered="2"/><counter type="METHOD" missed="1" covered="2"/><counter type="CLASS" missed="0" covered="1"/></sourcefile><sourcefile name="MovementCommand.java"><line nr="34" mi="2" ci="0" mb="0" cb="0"/><line nr="35" mi="3" ci="0" mb="0" cb="0"/><line nr="36" mi="3" ci="0" mb="0" cb="0"/><line nr="37" mi="1" ci="0" mb="0" cb="0"/><line nr="39" mi="3" ci="0" mb="0" cb="0"/><line nr="40" mi="6" ci="0" mb="0" cb="0"/><line nr="44" mi="3" ci="0" mb="0" cb="0"/><line nr="48" mi="3" ci="0" mb="0" cb="0"/><counter type="INSTRUCTION" missed="24" covered="0"/><counter type="LINE" missed="8" covered="0"/><counter type="COMPLEXITY" missed="4" covered="0"/><counter type="METHOD" missed="4" covered="0"/><counter type="CLASS" missed="2" covered="0"/></sourcefile><sourcefile name="SplitMO.java"><line nr="25" mi="3" ci="0" mb="0" cb="0"/><line nr="35" mi="3" ci="0" mb="0" cb="0"/><line nr="39" mi="3" ci="0" mb="0" cb="0"/><line nr="40" mi="1" ci="0" mb="0" cb="0"/><line nr="43" mi="3" ci="0" mb="0" cb="0"/><line nr="47" mi="3" ci="0" mb="0" cb="0"/><line nr="48" mi="1" ci="0" mb="0" cb="0"/><line nr="51" mi="3" ci="0" mb="0" cb="0"/><line nr="55" mi="3" ci="0" mb="0" cb="0"/><line nr="56" mi="1" ci="0" mb="0" cb="0"/><line nr="59" mi="3" ci="0" mb="0" cb="0"/><line nr="63" mi="3" ci="0" mb="0" cb="0"/><line nr="64" mi="1" ci="0" mb="0" cb="0"/><line nr="67" mi="3" ci="0" mb="0" cb="0"/><line nr="71" mi="3" ci="0" mb="0" cb="0"/><line nr="72" mi="1" ci="0" mb="0" cb="0"/><line nr="75" mi="3" ci="0" mb="0" cb="0"/><line nr="79" mi="3" ci="0" mb="0" cb="0"/><line nr="80" mi="1" ci="0" mb="0" cb="0"/><counter type="INSTRUCTION" missed="45" covered="0"/><counter type="LINE" missed="19" covered="0"/><counter type="COMPLEXITY" missed="13" covered="0"/><counter type="METHOD" missed="13" covered="0"/><counter type="CLASS" missed="1" covered="0"/></sourcefile><counter type="INSTRUCTION" missed="94" covered="73"/><counter type="BRANCH" missed="2" covered="0"/><counter type="LINE" missed="34" covered="25"/><counter type="COMPLEXITY" missed="20" covered="13"/><counter type="METHOD" missed="19" covered="13"/><counter type="CLASS" missed="3" covered="3"/></package><package name="org/openwms/wms/movements/api"><class name="org/openwms/wms/movements/api/MovementState" sourcefilename="MovementState.java"/><class name="org/openwms/wms/movements/api/ValidationGroups$Movement" sourcefilename="ValidationGroups.java"/><class name="org/openwms/wms/movements/api/ValidationGroups$Movement$Move" sourcefilename="ValidationGroups.java"/><class name="org/openwms/wms/movements/api/ValidationGroups$Movement$Complete" sourcefilename="ValidationGroups.java"/><class name="org/openwms/wms/movements/api/ValidationGroups" sourcefilename="ValidationGroups.java"/><class name="org/openwms/wms/movements/api/ValidationGroups$Movement$Create" sourcefilename="ValidationGroups.java"/><class name="org/openwms/wms/movements/api/MovementType" sourcefilename="MovementType.java"><method name="&lt;clinit&gt;" desc="()V" line="23"><counter type="INSTRUCTION" missed="0" covered="69"/><counter type="LINE" missed="0" covered="12"/><counter type="COMPLEXITY" missed="0" covered="1"/><counter type="METHOD" missed="0" covered="1"/></method><counter type="INSTRUCTION" missed="0" covered="69"/><counter type="LINE" missed="0" covered="12"/><counter type="COMPLEXITY" missed="0" covered="1"/><counter type="METHOD" missed="0" covered="1"/><counter type="CLASS" missed="0" covered="1"/></class><class name="org/openwms/wms/movements/api/StartMode" sourcefilename="StartMode.java"><method name="&lt;clinit&gt;" desc="()V" line="23"><counter type="INSTRUCTION" missed="0" covered="15"/><counter type="LINE" missed="0" covered="3"/><counter type="COMPLEXITY" missed="0" covered="1"/><counter type="METHOD" missed="0" covered="1"/></method><counter type="INSTRUCTION" missed="0" covered="15"/><counter type="LINE" missed="0" covered="3"/><counter type="COMPLEXITY" missed="0" covered="1"/><counter type="METHOD" missed="0" covered="1"/><counter type="CLASS" missed="0" covered="1"/></class><class name="org/openwms/wms/movements/api/MovementVO" sourcefilename="MovementVO.java"><method name="hasTarget" desc="()Z" line="128"><counter type="INSTRUCTION" missed="0" covered="11"/><counter type="BRANCH" missed="1" covered="3"/><counter type="LINE" missed="0" covered="1"/><counter type="COMPLEXITY" missed="1" covered="2"/><counter type="METHOD" missed="0" covered="1"/></method><method name="hasTransportUnitBK" desc="()Z" line="132"><counter type="INSTRUCTION" missed="0" covered="11"/><counter type="BRANCH" missed="1" covered="3"/><counter type="LINE" missed="0" covered="1"/><counter type="COMPLEXITY" missed="1" covered="2"/><counter type="METHOD" missed="0" covered="1"/></method><counter type="INSTRUCTION" missed="0" covered="22"/><counter type="BRANCH" missed="2" covered="6"/><counter type="LINE" missed="0" covered="2"/><counter type="COMPLEXITY" missed="2" covered="4"/><counter type="METHOD" missed="0" covered="2"/><counter type="CLASS" missed="0" covered="1"/></class><class name="org/openwms/wms/movements/api/MovementVO$MovementVOBuilder" sourcefilename="MovementVO.java"/><class name="org/openwms/wms/movements/api/MovementApi" sourcefilename="MovementApi.java"/><sourcefile name="MovementState.java"/><sourcefile name="MovementVO.java"><line nr="128" mi="0" ci="11" mb="1" cb="3"/><line nr="132" mi="0" ci="11" mb="1" cb="3"/><counter type="INSTRUCTION" missed="0" covered="22"/><counter type="BRANCH" missed="2" covered="6"/><counter type="LINE" missed="0" covered="2"/><counter type="COMPLEXITY" missed="2" covered="4"/><counter type="METHOD" missed="0" covered="2"/><counter type="CLASS" missed="0" covered="1"/></sourcefile><sourcefile name="MovementApi.java"/><sourcefile name="MovementType.java"><line nr="23" mi="0" ci="3" mb="0" cb="0"/><line nr="26" mi="0" ci="6" mb="0" cb="0"/><line nr="29" mi="0" ci="6" mb="0" cb="0"/><line nr="32" mi="0" ci="6" mb="0" cb="0"/><line nr="35" mi="0" ci="6" mb="0" cb="0"/><line nr="38" mi="0" ci="6" mb="0" cb="0"/><line nr="41" mi="0" ci="6" mb="0" cb="0"/><line nr="44" mi="0" ci="6" mb="0" cb="0"/><line nr="47" mi="0" ci="6" mb="0" cb="0"/><line nr="50" mi="0" ci="6" mb="0" cb="0"/><line nr="53" mi="0" ci="6" mb="0" cb="0"/><line nr="56" mi="0" ci="6" mb="0" cb="0"/><counter type="INSTRUCTION" missed="0" covered="69"/><counter type="LINE" missed="0" covered="12"/><counter type="COMPLEXITY" missed="0" covered="1"/><counter type="METHOD" missed="0" covered="1"/><counter type="CLASS" missed="0" covered="1"/></sourcefile><sourcefile name="ValidationGroups.java"/><sourcefile name="StartMode.java"><line nr="23" mi="0" ci="3" mb="0" cb="0"/><line nr="26" mi="0" ci="6" mb="0" cb="0"/><line nr="29" mi="0" ci="6" mb="0" cb="0"/><counter type="INSTRUCTION" missed="0" covered="15"/><counter type="LINE" missed="0" covered="3"/><counter type="COMPLEXITY" missed="0" covered="1"/><counter type="METHOD" missed="0" covered="1"/><counter type="CLASS" missed="0" covered="1"/></sourcefile><counter type="INSTRUCTION" missed="0" covered="106"/><counter type="BRANCH" missed="2" covered="6"/><counter type="LINE" missed="0" covered="17"/><counter type="COMPLEXITY" missed="2" covered="6"/><counter type="METHOD" missed="0" covered="4"/><counter type="CLASS" missed="0" covered="3"/></package><package name="org/openwms/common/transport"><class name="org/openwms/common/transport/TransportPackage" sourcefilename="TransportPackage.java"/><class name="org/openwms/common/transport/Barcode_" sourcefilename="Barcode_.java"><method name="&lt;init&gt;" desc="()V" line="10"><counter type="INSTRUCTION" missed="3" covered="0"/><counter type="LINE" missed="1" covered="0"/><counter type="COMPLEXITY" missed="1" covered="0"/><counter type="METHOD" missed="1" covered="0"/></method><counter type="INSTRUCTION" missed="3" covered="0"/><counter type="LINE" missed="1" covered="0"/><counter type="COMPLEXITY" missed="1" covered="0"/><counter type="METHOD" missed="1" covered="0"/><counter type="CLASS" missed="1" covered="0"/></class><class name="org/openwms/common/transport/Barcode" sourcefilename="Barcode.java"><method name="&lt;init&gt;" desc="()V" line="45"><counter type="INSTRUCTION" missed="0" covered="3"/><counter type="LINE" missed="0" covered="2"/><counter type="COMPLEXITY" missed="0" covered="1"/><counter type="METHOD" missed="0" covered="1"/></method><method name="&lt;init&gt;" desc="(Ljava/lang/String;)V" line="48"><counter type="INSTRUCTION" missed="0" covered="6"/><counter type="LINE" missed="0" covered="3"/><counter type="COMPLEXITY" missed="0" covered="1"/><counter type="METHOD" missed="0" covered="1"/></method><method name="of" desc="(Ljava/lang/String;)Lorg/openwms/common/transport/Barcode;" line="59"><counter type="INSTRUCTION" missed="0" covered="5"/><counter type="LINE" missed="0" covered="1"/><counter type="COMPLEXITY" missed="0" covered="1"/><counter type="METHOD" missed="0" covered="1"/></method><method name="getValue" desc="()Ljava/lang/String;" line="69"><counter type="INSTRUCTION" missed="0" covered="3"/><counter type="LINE" missed="0" covered="1"/><counter type="COMPLEXITY" missed="0" covered="1"/><counter type="METHOD" missed="0" covered="1"/></method><method name="setValue" desc="(Ljava/lang/String;)V" line="78"><counter type="INSTRUCTION" missed="4" covered="0"/><counter type="LINE" missed="2" covered="0"/><counter type="COMPLEXITY" missed="1" covered="0"/><counter type="METHOD" missed="1" covered="0"/></method><method name="toString" desc="()Ljava/lang/String;" line="89"><counter type="INSTRUCTION" missed="0" covered="3"/><counter type="LINE" missed="0" covered="1"/><counter type="COMPLEXITY" missed="0" covered="1"/><counter type="METHOD" missed="0" covered="1"/></method><method name="equals" desc="(Ljava/lang/Object;)Z" line="97"><counter type="INSTRUCTION" missed="23" covered="0"/><counter type="BRANCH" missed="6" covered="0"/><counter type="LINE" missed="4" covered="0"/><counter type="COMPLEXITY" missed="4" covered="0"/><counter type="METHOD" missed="1" covered="0"/></method><method name="hashCode" desc="()I" line="108"><counter type="INSTRUCTION" missed="9" covered="0"/><counter type="LINE" missed="1" covered="0"/><counter type="COMPLEXITY" missed="1" covered="0"/><counter type="METHOD" missed="1" covered="0"/></method><counter type="INSTRUCTION" missed="36" covered="20"/><counter type="BRANCH" missed="6" covered="0"/><counter type="LINE" missed="7" covered="8"/><counter type="COMPLEXITY" missed="6" covered="5"/><counter type="METHOD" missed="3" covered="5"/><counter type="CLASS" missed="0" covered="1"/></class><sourcefile name="TransportPackage.java"/><sourcefile name="Barcode.java"><line nr="45" mi="0" ci="2" mb="0" cb="0"/><line nr="46" mi="0" ci="1" mb="0" cb="0"/><line nr="48" mi="0" ci="2" mb="0" cb="0"/><line nr="49" mi="0" ci="3" mb="0" cb="0"/><line nr="50" mi="0" ci="1" mb="0" cb="0"/><line nr="59" mi="0" ci="5" mb="0" cb="0"/><line nr="69" mi="0" ci="3" mb="0" cb="0"/><line nr="78" mi="3" ci="0" mb="0" cb="0"/><line nr="79" mi="1" ci="0" mb="0" cb="0"/><line nr="89" mi="0" ci="3" mb="0" cb="0"/><line nr="97" mi="5" ci="0" mb="2" cb="0"/><line nr="98" mi="9" ci="0" mb="4" cb="0"/><line nr="99" mi="3" ci="0" mb="0" cb="0"/><line nr="100" mi="6" ci="0" mb="0" cb="0"/><line nr="108" mi="9" ci="0" mb="0" cb="0"/><counter type="INSTRUCTION" missed="36" covered="20"/><counter type="BRANCH" missed="6" covered="0"/><counter type="LINE" missed="7" covered="8"/><counter type="COMPLEXITY" missed="6" covered="5"/><counter type="METHOD" missed="3" covered="5"/><counter type="CLASS" missed="0" covered="1"/></sourcefile><sourcefile name="Barcode_.java"><line nr="10" mi="3" ci="0" mb="0" cb="0"/><counter type="INSTRUCTION" missed="3" covered="0"/><counter type="LINE" missed="1" covered="0"/><counter type="COMPLEXITY" missed="1" covered="0"/><counter type="METHOD" missed="1" covered="0"/><counter type="CLASS" missed="1" covered="0"/></sourcefile><counter type="INSTRUCTION" missed="39" covered="20"/><counter type="BRANCH" missed="6" covered="0"/><counter type="LINE" missed="8" covered="8"/><counter type="COMPLEXITY" missed="7" covered="5"/><counter type="METHOD" missed="4" covered="5"/><counter type="CLASS" missed="1" covered="1"/></package><counter type="INSTRUCTION" missed="1549" covered="2704"/><counter type="BRANCH" missed="177" covered="77"/><counter type="LINE" missed="288" covered="675"/><counter type="COMPLEXITY" missed="238" covered="241"/><counter type="METHOD" missed="131" covered="219"/><counter type="CLASS" missed="15" covered="52"/></report>